  [1m[35m (2312.1ms)[0m  [1m[35mCREATE DATABASE "catt_development" ENCODING = 'unicode'[0m
  [1m[35m (1585.7ms)[0m  [1m[35mCREATE DATABASE "catt_test" ENCODING = 'unicode'[0m
  [1m[35m (180.1ms)[0m  [1m[35mCREATE TABLE "schema_migrations" ("version" character varying NOT NULL PRIMARY KEY)[0m
  [1m[35m (197.9ms)[0m  [1m[35mCREATE TABLE "ar_internal_metadata" ("key" character varying NOT NULL PRIMARY KEY, "value" character varying, "created_at" timestamp(6) NOT NULL, "updated_at" timestamp(6) NOT NULL)[0m
  [1m[35m (0.5ms)[0m  [1m[34mSELECT pg_try_advisory_lock(3713156997880311660)[0m
  [1m[35m (0.7ms)[0m  [1m[34mSELECT "schema_migrations"."version" FROM "schema_migrations" ORDER BY "schema_migrations"."version" ASC[0m
Migrating to CreateCats (20210913231128)
  [1m[36mTRANSACTION (0.4ms)[0m  [1m[35mBEGIN[0m
  [1m[35m (253.1ms)[0m  [1m[35mCREATE TABLE "cats" ("id" bigserial primary key, "birth_date" date NOT NULL, "color" character varying NOT NULL, "sex" character varying(1) NOT NULL, "name" character varying NOT NULL, "description" text NOT NULL, "created_at" timestamp(6) NOT NULL, "updated_at" timestamp(6) NOT NULL)[0m
  [1m[36mActiveRecord::SchemaMigration Create (14.1ms)[0m  [1m[32mINSERT INTO "schema_migrations" ("version") VALUES ($1) RETURNING "version"[0m  [["version", "20210913231128"]]
  [1m[36mTRANSACTION (166.9ms)[0m  [1m[35mCOMMIT[0m
  [1m[36mActiveRecord::InternalMetadata Load (0.5ms)[0m  [1m[34mSELECT "ar_internal_metadata".* FROM "ar_internal_metadata" WHERE "ar_internal_metadata"."key" = $1 LIMIT $2[0m  [["key", "environment"], ["LIMIT", 1]]
  [1m[36mTRANSACTION (0.3ms)[0m  [1m[35mBEGIN[0m
  [1m[36mActiveRecord::InternalMetadata Create (0.7ms)[0m  [1m[32mINSERT INTO "ar_internal_metadata" ("key", "value", "created_at", "updated_at") VALUES ($1, $2, $3, $4) RETURNING "key"[0m  [["key", "environment"], ["value", "development"], ["created_at", "2021-09-13 23:29:01.654958"], ["updated_at", "2021-09-13 23:29:01.654958"]]
  [1m[36mTRANSACTION (141.4ms)[0m  [1m[35mCOMMIT[0m
  [1m[35m (0.7ms)[0m  [1m[34mSELECT pg_advisory_unlock(3713156997880311660)[0m
  [1m[35m (1.4ms)[0m  [1m[34mSELECT "schema_migrations"."version" FROM "schema_migrations" ORDER BY "schema_migrations"."version" ASC[0m
  [1m[35m (0.3ms)[0m  [1m[34mSELECT pg_try_advisory_lock(3713156997880311660)[0m
  [1m[35m (0.8ms)[0m  [1m[34mSELECT "schema_migrations"."version" FROM "schema_migrations" ORDER BY "schema_migrations"."version" ASC[0m
Migrating to CreateCatRentalRequests (20210913235943)
  [1m[36mTRANSACTION (0.4ms)[0m  [1m[35mBEGIN[0m
  [1m[35m (199.6ms)[0m  [1m[35mCREATE TABLE "cat_rental_requests" ("id" bigserial primary key, "cat_id" integer NOT NULL, "start_date" date NOT NULL, "end_date" date NOT NULL, "status" character varying NOT NULL, "created_at" timestamp(6) NOT NULL, "updated_at" timestamp(6) NOT NULL)[0m
  [1m[35m (64.0ms)[0m  [1m[35mCREATE INDEX "index_cat_rental_requests_on_cat_id" ON "cat_rental_requests" ("cat_id")[0m
  [1m[36mActiveRecord::SchemaMigration Create (0.5ms)[0m  [1m[32mINSERT INTO "schema_migrations" ("version") VALUES ($1) RETURNING "version"[0m  [["version", "20210913235943"]]
  [1m[36mTRANSACTION (39.1ms)[0m  [1m[35mCOMMIT[0m
  [1m[36mActiveRecord::InternalMetadata Load (0.5ms)[0m  [1m[34mSELECT "ar_internal_metadata".* FROM "ar_internal_metadata" WHERE "ar_internal_metadata"."key" = $1 LIMIT $2[0m  [["key", "environment"], ["LIMIT", 1]]
  [1m[35m (0.5ms)[0m  [1m[34mSELECT pg_advisory_unlock(3713156997880311660)[0m
  [1m[35m (0.8ms)[0m  [1m[34mSELECT "schema_migrations"."version" FROM "schema_migrations" ORDER BY "schema_migrations"."version" ASC[0m
  [1m[35m (0.4ms)[0m  [1m[34mSELECT pg_try_advisory_lock(3713156997880311660)[0m
  [1m[35m (1.4ms)[0m  [1m[34mSELECT "schema_migrations"."version" FROM "schema_migrations" ORDER BY "schema_migrations"."version" ASC[0m
Migrating to CreateUsers (20210914004631)
  [1m[36mTRANSACTION (0.5ms)[0m  [1m[35mBEGIN[0m
  [1m[35m (170.1ms)[0m  [1m[35mCREATE TABLE "users" ("id" bigserial primary key, "password_digest" character varying NOT NULL, "session_token" character varying NOT NULL, "username" character varying NOT NULL, "created_at" timestamp(6) NOT NULL, "updated_at" timestamp(6) NOT NULL)[0m
  [1m[35m (170.7ms)[0m  [1m[35mCREATE UNIQUE INDEX "index_users_on_session_token" ON "users" ("session_token")[0m
  [1m[35m (113.8ms)[0m  [1m[35mCREATE UNIQUE INDEX "index_users_on_username" ON "users" ("username")[0m
  [1m[36mActiveRecord::SchemaMigration Create (0.6ms)[0m  [1m[32mINSERT INTO "schema_migrations" ("version") VALUES ($1) RETURNING "version"[0m  [["version", "20210914004631"]]
  [1m[36mTRANSACTION (18.3ms)[0m  [1m[35mCOMMIT[0m
  [1m[36mActiveRecord::InternalMetadata Load (0.5ms)[0m  [1m[34mSELECT "ar_internal_metadata".* FROM "ar_internal_metadata" WHERE "ar_internal_metadata"."key" = $1 LIMIT $2[0m  [["key", "environment"], ["LIMIT", 1]]
  [1m[35m (0.7ms)[0m  [1m[34mSELECT pg_advisory_unlock(3713156997880311660)[0m
  [1m[35m (0.8ms)[0m  [1m[34mSELECT "schema_migrations"."version" FROM "schema_migrations" ORDER BY "schema_migrations"."version" ASC[0m
Started GET "/" for ::1 at 2021-09-14 03:00:22 +0200
  [1m[35m (2.3ms)[0m  [1m[34mSELECT "schema_migrations"."version" FROM "schema_migrations" ORDER BY "schema_migrations"."version" ASC[0m
  [1m[35mCACHE  (0.1ms)[0m  [1m[34mSELECT "schema_migrations"."version" FROM "schema_migrations" ORDER BY "schema_migrations"."version" ASC[0m

ActiveRecord::PendingMigrationError - Migrations are pending. To resolve this issue, run:
        bin/rails db:migrate RAILS_ENV=development
You have 2 pending migrations:
20210914005404_add_user_id_to_cats.rb
20210914005505_add_user_id_to_cat_rental_requests.rb:

Started POST "/__better_errors/369fd8de8f9e95d4/variables" for ::1 at 2021-09-14 03:00:23 +0200
  [1m[35m (0.3ms)[0m  [1m[34mSELECT pg_try_advisory_lock(3713156997880311660)[0m
  [1m[35m (0.8ms)[0m  [1m[34mSELECT "schema_migrations"."version" FROM "schema_migrations" ORDER BY "schema_migrations"."version" ASC[0m
Migrating to AddUserIdToCats (20210914005404)
  [1m[36mTRANSACTION (0.4ms)[0m  [1m[35mBEGIN[0m
  [1m[35m (0.8ms)[0m  [1m[35mALTER TABLE "cats" ADD "user_id" integer NOT NULL[0m
  [1m[35m (116.8ms)[0m  [1m[35mCREATE INDEX "index_cats_on_user_id" ON "cats" ("user_id")[0m
  [1m[36mActiveRecord::SchemaMigration Create (0.5ms)[0m  [1m[32mINSERT INTO "schema_migrations" ("version") VALUES ($1) RETURNING "version"[0m  [["version", "20210914005404"]]
  [1m[36mTRANSACTION (58.1ms)[0m  [1m[35mCOMMIT[0m
Migrating to AddUserIdToCatRentalRequests (20210914005505)
  [1m[36mTRANSACTION (0.4ms)[0m  [1m[35mBEGIN[0m
  [1m[35m (0.6ms)[0m  [1m[35mALTER TABLE "cat_rental_requests" ADD "user_id" integer NOT NULL[0m
  [1m[35m (107.0ms)[0m  [1m[35mCREATE INDEX "index_cat_rental_requests_on_user_id" ON "cat_rental_requests" ("user_id")[0m
  [1m[36mActiveRecord::SchemaMigration Create (0.7ms)[0m  [1m[32mINSERT INTO "schema_migrations" ("version") VALUES ($1) RETURNING "version"[0m  [["version", "20210914005505"]]
  [1m[36mTRANSACTION (25.3ms)[0m  [1m[35mCOMMIT[0m
  [1m[36mActiveRecord::InternalMetadata Load (0.7ms)[0m  [1m[34mSELECT "ar_internal_metadata".* FROM "ar_internal_metadata" WHERE "ar_internal_metadata"."key" = $1 LIMIT $2[0m  [["key", "environment"], ["LIMIT", 1]]
  [1m[35m (0.7ms)[0m  [1m[34mSELECT pg_advisory_unlock(3713156997880311660)[0m
  [1m[35m (0.8ms)[0m  [1m[34mSELECT "schema_migrations"."version" FROM "schema_migrations" ORDER BY "schema_migrations"."version" ASC[0m
Started GET "/" for ::1 at 2021-09-14 03:01:01 +0200
  [1m[35m (1.6ms)[0m  [1m[34mSELECT "schema_migrations"."version" FROM "schema_migrations" ORDER BY "schema_migrations"."version" ASC[0m
Processing by Rails::WelcomeController#index as HTML
  Rendering /home/elarabyelaidy/.rvm/gems/ruby-3.0.0/gems/railties-6.1.4.1/lib/rails/templates/rails/welcome/index.html.erb
  Rendered /home/elarabyelaidy/.rvm/gems/ruby-3.0.0/gems/railties-6.1.4.1/lib/rails/templates/rails/welcome/index.html.erb (Duration: 54.4ms | Allocations: 502)
Completed 200 OK in 342ms (Views: 167.0ms | ActiveRecord: 0.0ms | Allocations: 4169)


Started GET "/" for ::1 at 2021-09-14 03:01:45 +0200
Started GET "/cats" for ::1 at 2021-09-14 03:01:46 +0200
Processing by CatsController#index as HTML
Completed 500 Internal Server Error in 27ms (ActiveRecord: 0.0ms | Allocations: 1328)



SyntaxError - syntax error, unexpected end-of-input, expecting `end':
  app/models/cat.rb:30:in `'
  app/controllers/cats_controller.rb:9:in `index'

Started POST "/__better_errors/3372066246961c1d/variables" for ::1 at 2021-09-14 03:01:47 +0200
Started GET "/cats" for ::1 at 2021-09-14 03:02:21 +0200
Processing by CatsController#index as HTML
Completed 500 Internal Server Error in 85ms (ActiveRecord: 0.0ms | Allocations: 1333)



ArgumentError - You need to supply at least one validation:
  app/models/cat.rb:11:in `<class:Cat>'
  app/models/cat.rb:2:in `<main>'
  app/controllers/cats_controller.rb:9:in `index'

Started POST "/__better_errors/2c5b076d18d798cf/variables" for ::1 at 2021-09-14 03:02:22 +0200
Started GET "/cats" for ::1 at 2021-09-14 03:04:34 +0200
Processing by CatsController#index as HTML
Completed 500 Internal Server Error in 208ms (ActiveRecord: 0.0ms | Allocations: 2726)



ArgumentError - You need to supply at least one validation:
  app/models/cat.rb:11:in `<class:Cat>'
  app/models/cat.rb:2:in `<main>'
  app/controllers/cats_controller.rb:9:in `index'

Started POST "/__better_errors/637a7736d8527c31/variables" for ::1 at 2021-09-14 03:04:35 +0200
Started GET "/cats" for ::1 at 2021-09-14 03:05:04 +0200
Processing by CatsController#index as HTML
Completed 500 Internal Server Error in 31ms (ActiveRecord: 0.0ms | Allocations: 1178)



ArgumentError - You need to supply at least one validation:
  app/models/cat.rb:11:in `<class:Cat>'
  app/models/cat.rb:2:in `<main>'
  app/controllers/cats_controller.rb:9:in `index'

Started POST "/__better_errors/bcff57bc5ac5beb6/variables" for ::1 at 2021-09-14 03:05:06 +0200
Started GET "/cats" for ::1 at 2021-09-14 03:06:21 +0200
Processing by CatsController#index as HTML
Completed 500 Internal Server Error in 308ms (ActiveRecord: 0.0ms | Allocations: 6431)



ActionView::MissingTemplate - Missing template cats/index, application/index with {:locale=>[:en], :formats=>[:html], :variants=>[], :handlers=>[:raw, :erb, :html, :builder, :ruby, :jbuilder]}. Searched in:
  * "/home/elarabyelaidy/.rvm/gems/ruby-3.0.0/gems/actiontext-6.1.4.1/app/views"
  * "/home/elarabyelaidy/.rvm/gems/ruby-3.0.0/gems/actionmailbox-6.1.4.1/app/views":
  app/controllers/cats_controller.rb:10:in `index'

Started POST "/__better_errors/89c1f7f432497b37/variables" for ::1 at 2021-09-14 03:06:22 +0200
Started GET "/cats" for ::1 at 2021-09-14 03:07:38 +0200
Processing by CatsController#index as HTML
Completed 500 Internal Server Error in 2ms (ActiveRecord: 0.0ms | Allocations: 789)



ActionView::MissingTemplate - Missing template cats/index, application/index with {:locale=>[:en], :formats=>[:html], :variants=>[], :handlers=>[:raw, :erb, :html, :builder, :ruby, :jbuilder]}. Searched in:
  * "/home/elarabyelaidy/.rvm/gems/ruby-3.0.0/gems/actiontext-6.1.4.1/app/views"
  * "/home/elarabyelaidy/.rvm/gems/ruby-3.0.0/gems/actionmailbox-6.1.4.1/app/views":
  app/controllers/cats_controller.rb:10:in `index'

Started POST "/__better_errors/7b1a25b150c879f7/variables" for ::1 at 2021-09-14 03:07:39 +0200
Started GET "/cats" for ::1 at 2021-09-14 03:08:34 +0200
Processing by CatsController#index as HTML
Completed 500 Internal Server Error in 94ms (ActiveRecord: 0.0ms | Allocations: 2429)



ActionView::MissingTemplate - Missing template cats/index, application/index with {:locale=>[:en], :formats=>[:html], :variants=>[], :handlers=>[:raw, :erb, :html, :builder, :ruby, :jbuilder]}. Searched in:
  * "/home/elarabyelaidy/.rvm/gems/ruby-3.0.0/gems/actiontext-6.1.4.1/app/views"
  * "/home/elarabyelaidy/.rvm/gems/ruby-3.0.0/gems/actionmailbox-6.1.4.1/app/views":
  app/controllers/cats_controller.rb:7:in `index'

Started POST "/__better_errors/94a3d0ddf93bfb66/variables" for ::1 at 2021-09-14 03:08:35 +0200
Started GET "/cats/new" for ::1 at 2021-09-14 03:10:50 +0200
Processing by CatsController#new as HTML
Redirected to http://localhost:3000/session/new
Filter chain halted as :require_user! rendered or redirected
Completed 302 Found in 4ms (ActiveRecord: 0.0ms | Allocations: 366)


Started GET "/session/new" for ::1 at 2021-09-14 03:10:51 +0200
Processing by SessionsController#new as HTML
Completed 500 Internal Server Error in 3ms (ActiveRecord: 0.0ms | Allocations: 1351)



ActionView::MissingTemplate - Missing template sessions/new, application/new with {:locale=>[:en], :formats=>[:html], :variants=>[], :handlers=>[:raw, :erb, :html, :builder, :ruby, :jbuilder]}. Searched in:
  * "/home/elarabyelaidy/.rvm/gems/ruby-3.0.0/gems/actiontext-6.1.4.1/app/views"
  * "/home/elarabyelaidy/.rvm/gems/ruby-3.0.0/gems/actionmailbox-6.1.4.1/app/views":
  app/controllers/sessions_controller.rb:25:in `new'

Started POST "/__better_errors/f6849cfb093f6345/variables" for ::1 at 2021-09-14 03:10:51 +0200
Started GET "/session/new" for ::1 at 2021-09-14 03:12:26 +0200
Processing by SessionsController#new as HTML
Completed 500 Internal Server Error in 3ms (ActiveRecord: 0.0ms | Allocations: 783)



ActionView::MissingTemplate - Missing template sessions/new, application/new with {:locale=>[:en], :formats=>[:html], :variants=>[], :handlers=>[:raw, :erb, :html, :builder, :ruby, :jbuilder]}. Searched in:
  * "/home/elarabyelaidy/.rvm/gems/ruby-3.0.0/gems/actiontext-6.1.4.1/app/views"
  * "/home/elarabyelaidy/.rvm/gems/ruby-3.0.0/gems/actionmailbox-6.1.4.1/app/views":
  app/controllers/sessions_controller.rb:25:in `new'

Started POST "/__better_errors/959cb4b27eca297a/variables" for ::1 at 2021-09-14 03:12:27 +0200
Started GET "/session/new" for ::1 at 2021-09-14 03:15:16 +0200
Processing by SessionsController#new as HTML
Completed 500 Internal Server Error in 3ms (ActiveRecord: 0.0ms | Allocations: 993)



ActionView::MissingTemplate - Missing template sessions/new, application/new with {:locale=>[:en], :formats=>[:html], :variants=>[], :handlers=>[:raw, :erb, :html, :builder, :ruby, :jbuilder]}. Searched in:
  * "/home/elarabyelaidy/.rvm/gems/ruby-3.0.0/gems/actiontext-6.1.4.1/app/views"
  * "/home/elarabyelaidy/.rvm/gems/ruby-3.0.0/gems/actionmailbox-6.1.4.1/app/views":
  app/controllers/sessions_controller.rb:25:in `new'

Started POST "/__better_errors/60a9e7fba8a9c02f/variables" for ::1 at 2021-09-14 03:15:18 +0200
Started GET "/cats" for ::1 at 2021-09-14 03:15:25 +0200
Processing by CatsController#index as HTML
Completed 500 Internal Server Error in 93ms (ActiveRecord: 0.0ms | Allocations: 2484)



ActionView::MissingTemplate - Missing template cats/index, application/index with {:locale=>[:en], :formats=>[:html], :variants=>[], :handlers=>[:raw, :erb, :html, :builder, :ruby, :jbuilder]}. Searched in:
  * "/home/elarabyelaidy/.rvm/gems/ruby-3.0.0/gems/actiontext-6.1.4.1/app/views"
  * "/home/elarabyelaidy/.rvm/gems/ruby-3.0.0/gems/actionmailbox-6.1.4.1/app/views":
  app/controllers/cats_controller.rb:7:in `index'

Started POST "/__better_errors/4cda2edcd957ac28/variables" for ::1 at 2021-09-14 03:15:27 +0200
Started GET "/cats/new" for ::1 at 2021-09-14 03:16:07 +0200
Processing by CatsController#new as HTML
Redirected to http://localhost:3000/session/new
Filter chain halted as :require_user! rendered or redirected
Completed 302 Found in 3ms (ActiveRecord: 0.0ms | Allocations: 242)


Started GET "/session/new" for ::1 at 2021-09-14 03:16:07 +0200
Processing by SessionsController#new as HTML
Completed 500 Internal Server Error in 3ms (ActiveRecord: 0.0ms | Allocations: 975)



ActionView::MissingTemplate - Missing template sessions/new, application/new with {:locale=>[:en], :formats=>[:html], :variants=>[], :handlers=>[:raw, :erb, :html, :builder, :ruby, :jbuilder]}. Searched in:
  * "/home/elarabyelaidy/.rvm/gems/ruby-3.0.0/gems/actiontext-6.1.4.1/app/views"
  * "/home/elarabyelaidy/.rvm/gems/ruby-3.0.0/gems/actionmailbox-6.1.4.1/app/views":
  app/controllers/sessions_controller.rb:25:in `new'

Started POST "/__better_errors/0beb519bf067e5bc/variables" for ::1 at 2021-09-14 03:16:08 +0200
Started GET "/cats/create" for ::1 at 2021-09-14 03:16:21 +0200
Processing by CatsController#show as HTML
  Parameters: {"id"=>"create"}
  [1m[36mCat Load (1.1ms)[0m  [1m[34mSELECT "cats".* FROM "cats" WHERE "cats"."id" = $1 LIMIT $2[0m  [["id", nil], ["LIMIT", 1]]
  ↳ app/controllers/cats_controller.rb:11:in `show'
Completed 404 Not Found in 28ms (ActiveRecord: 11.6ms | Allocations: 3587)



ActiveRecord::RecordNotFound - Couldn't find Cat with 'id'=create:
  app/controllers/cats_controller.rb:11:in `show'

Started POST "/__better_errors/315f50aefee57729/variables" for ::1 at 2021-09-14 03:16:22 +0200
Started GET "/cats/2/edit" for ::1 at 2021-09-14 03:16:32 +0200
Processing by CatsController#edit as HTML
  Parameters: {"id"=>"2"}
Redirected to http://localhost:3000/session/new
Filter chain halted as :require_user! rendered or redirected
Completed 302 Found in 3ms (ActiveRecord: 0.0ms | Allocations: 237)


Started GET "/session/new" for ::1 at 2021-09-14 03:16:32 +0200
Processing by SessionsController#new as HTML
Completed 500 Internal Server Error in 2ms (ActiveRecord: 0.0ms | Allocations: 783)



ActionView::MissingTemplate - Missing template sessions/new, application/new with {:locale=>[:en], :formats=>[:html], :variants=>[], :handlers=>[:raw, :erb, :html, :builder, :ruby, :jbuilder]}. Searched in:
  * "/home/elarabyelaidy/.rvm/gems/ruby-3.0.0/gems/actiontext-6.1.4.1/app/views"
  * "/home/elarabyelaidy/.rvm/gems/ruby-3.0.0/gems/actionmailbox-6.1.4.1/app/views":
  app/controllers/sessions_controller.rb:25:in `new'

Started POST "/__better_errors/11824c9f18ae015d/variables" for ::1 at 2021-09-14 03:16:32 +0200
Started GET "/cats" for ::1 at 2021-09-14 03:16:43 +0200
Processing by CatsController#index as HTML
Completed 500 Internal Server Error in 2ms (ActiveRecord: 0.0ms | Allocations: 788)



ActionView::MissingTemplate - Missing template cats/index, application/index with {:locale=>[:en], :formats=>[:html], :variants=>[], :handlers=>[:raw, :erb, :html, :builder, :ruby, :jbuilder]}. Searched in:
  * "/home/elarabyelaidy/.rvm/gems/ruby-3.0.0/gems/actiontext-6.1.4.1/app/views"
  * "/home/elarabyelaidy/.rvm/gems/ruby-3.0.0/gems/actionmailbox-6.1.4.1/app/views":
  app/controllers/cats_controller.rb:7:in `index'

Started POST "/__better_errors/9fce136e6063d773/variables" for ::1 at 2021-09-14 03:16:44 +0200
Started GET "/cats" for ::1 at 2021-09-14 03:21:09 +0200
Processing by CatsController#index as HTML
Completed 500 Internal Server Error in 2ms (ActiveRecord: 0.0ms | Allocations: 787)



ActionView::MissingTemplate - Missing template cats/index, application/index with {:locale=>[:en], :formats=>[:html], :variants=>[], :handlers=>[:raw, :erb, :html, :builder, :ruby, :jbuilder]}. Searched in:
  * "/home/elarabyelaidy/.rvm/gems/ruby-3.0.0/gems/actiontext-6.1.4.1/app/views"
  * "/home/elarabyelaidy/.rvm/gems/ruby-3.0.0/gems/actionmailbox-6.1.4.1/app/views":
  app/controllers/cats_controller.rb:7:in `index'

Started POST "/__better_errors/35e90744e2d3ccdd/variables" for ::1 at 2021-09-14 03:21:10 +0200
Started GET "/cats" for ::1 at 2021-09-14 03:22:48 +0200
Processing by CatsController#index as HTML
Completed 500 Internal Server Error in 2ms (Allocations: 785)



ActionView::MissingTemplate - Missing template cats/index, application/index with {:locale=>[:en], :formats=>[:html], :variants=>[], :handlers=>[:raw, :erb, :html, :builder, :ruby, :jbuilder]}. Searched in:
  * "/home/elarabyelaidy/.rvm/gems/ruby-3.0.0/gems/actiontext-6.1.4.1/app/views"
  * "/home/elarabyelaidy/.rvm/gems/ruby-3.0.0/gems/actionmailbox-6.1.4.1/app/views":
  app/controllers/cats_controller.rb:7:in `index'

Started POST "/__better_errors/1da916e5927a1fef/variables" for ::1 at 2021-09-14 03:22:49 +0200
Started GET "/" for ::1 at 2021-09-14 03:48:23 +0200
  [1m[35m (2.1ms)[0m  [1m[34mSELECT "schema_migrations"."version" FROM "schema_migrations" ORDER BY "schema_migrations"."version" ASC[0m
Started GET "/cats" for ::1 at 2021-09-14 03:48:23 +0200
Processing by CatsController#index as HTML
  Rendering layout layouts/application.html.erb
  Rendering cats/index.html.erb within layouts/application
  [1m[36mCat Load (2.1ms)[0m  [1m[34mSELECT "cats".* FROM "cats"[0m
  ↳ app/views/cats/index.html.erb:10
  Rendered cats/index.html.erb within layouts/application (Duration: 79.1ms | Allocations: 2611)
  Rendered layout layouts/application.html.erb (Duration: 3129.2ms | Allocations: 31012)
Completed 500 Internal Server Error in 3364ms (ActiveRecord: 9.1ms | Allocations: 36456)



LoadError - cannot load such file -- coffee_script:

Started POST "/__better_errors/c2fcfe8f25d89819/variables" for ::1 at 2021-09-14 03:48:28 +0200
Started GET "/cats" for ::1 at 2021-09-14 03:50:59 +0200
Processing by CatsController#index as HTML
  Rendering layout layouts/application.html.erb
  Rendering cats/index.html.erb within layouts/application
  [1m[36mCat Load (30.6ms)[0m  [1m[34mSELECT "cats".* FROM "cats"[0m
  ↳ app/views/cats/index.html.erb:10
  Rendered cats/index.html.erb within layouts/application (Duration: 38.2ms | Allocations: 917)
  Rendered layout layouts/application.html.erb (Duration: 588.7ms | Allocations: 10320)
Completed 500 Internal Server Error in 614ms (ActiveRecord: 30.6ms | Allocations: 10668)



LoadError - cannot load such file -- coffee_script:

Started POST "/__better_errors/26bfcff631d55b48/variables" for ::1 at 2021-09-14 03:51:00 +0200
Started GET "/cats" for ::1 at 2021-09-14 03:51:37 +0200
Started GET "/cats" for 127.0.0.1 at 2021-09-14 03:51:37 +0200
  [1m[35m (2.5ms)[0m  [1m[34mSELECT "schema_migrations"."version" FROM "schema_migrations" ORDER BY "schema_migrations"."version" ASC[0m
Processing by CatsController#index as HTML
  Rendering layout layouts/application.html.erb
  Rendering cats/index.html.erb within layouts/application
  [1m[36mCat Load (4.8ms)[0m  [1m[34mSELECT "cats".* FROM "cats"[0m
  ↳ app/views/cats/index.html.erb:10
  Rendered cats/index.html.erb within layouts/application (Duration: 29.8ms | Allocations: 2525)
Processing by CatsController#index as HTML
  Rendering layout layouts/application.html.erb
  Rendering cats/index.html.erb within layouts/application
  [1m[36mCat Load (5.9ms)[0m  [1m[34mSELECT "cats".* FROM "cats"[0m
  ↳ app/views/cats/index.html.erb:10
  Rendered cats/index.html.erb within layouts/application (Duration: 185.3ms | Allocations: 4525)
  Rendered layout layouts/application.html.erb (Duration: 898.2ms | Allocations: 24975)
Completed 500 Internal Server Error in 1060ms (ActiveRecord: 10.3ms | Allocations: 30677)



LoadError - cannot load such file -- coffee_script:

  Rendered layout layouts/application.html.erb (Duration: 847.2ms | Allocations: 30023)
Completed 500 Internal Server Error in 853ms (ActiveRecord: 111.1ms | Allocations: 30430)



LoadError - cannot load such file -- coffee_script:

Started POST "/__better_errors/aef5b4dac3351e6b/variables" for 127.0.0.1 at 2021-09-14 03:51:39 +0200
Started GET "/cats" for ::1 at 2021-09-14 03:57:25 +0200
  [1m[35m (1.3ms)[0m  [1m[34mSELECT "schema_migrations"."version" FROM "schema_migrations" ORDER BY "schema_migrations"."version" ASC[0m
Processing by CatsController#index as HTML
  Rendering layout layouts/application.html.erb
  Rendering cats/index.html.erb within layouts/application
  [1m[36mCat Load (1.5ms)[0m  [1m[34mSELECT "cats".* FROM "cats"[0m
  ↳ app/views/cats/index.html.erb:10
  Rendered cats/index.html.erb within layouts/application (Duration: 22.4ms | Allocations: 2469)
  Rendered layout layouts/application.html.erb (Duration: 1112.0ms | Allocations: 13275)
Completed 500 Internal Server Error in 1243ms (ActiveRecord: 6.4ms | Allocations: 18719)



LoadError - cannot load such file -- coffee_script:

Started POST "/__better_errors/ceac4b885d0d8cc3/variables" for ::1 at 2021-09-14 03:57:27 +0200
Started GET "/cats" for ::1 at 2021-09-14 03:58:35 +0200
Processing by CatsController#index as HTML
  Rendering layout layouts/application.html.erb
  Rendering cats/index.html.erb within layouts/application
  [1m[36mCat Load (2.4ms)[0m  [1m[34mSELECT "cats".* FROM "cats"[0m
  ↳ app/views/cats/index.html.erb:10
  Rendered cats/index.html.erb within layouts/application (Duration: 17.4ms | Allocations: 925)
  Rendered layout layouts/application.html.erb (Duration: 819.7ms | Allocations: 9190)
Completed 500 Internal Server Error in 825ms (ActiveRecord: 2.4ms | Allocations: 9555)



Sprockets::Rails::Helper::AssetNotPrecompiled - application.css:
  app/views/layouts/application.html.erb:9
  app/controllers/cats_controller.rb:7:in `index'

Started POST "/__better_errors/d8787caf0e4671ab/variables" for ::1 at 2021-09-14 03:58:36 +0200
Started GET "/cats" for ::1 at 2021-09-14 04:03:25 +0200
Processing by CatsController#index as HTML
  Rendering layout layouts/application.html.erb
  Rendering cats/index.html.erb within layouts/application
  [1m[36mCat Load (2.4ms)[0m  [1m[34mSELECT "cats".* FROM "cats"[0m
  ↳ app/views/cats/index.html.erb:10
  Rendered cats/index.html.erb within layouts/application (Duration: 13.5ms | Allocations: 917)
  Rendered layout layouts/application.html.erb (Duration: 306.8ms | Allocations: 4351)
Completed 500 Internal Server Error in 311ms (ActiveRecord: 2.4ms | Allocations: 4700)



Sprockets::Rails::Helper::AssetNotPrecompiled - application.css:
  app/views/layouts/application.html.erb:9
  app/controllers/cats_controller.rb:7:in `index'

Started POST "/__better_errors/deee055748b144d5/variables" for ::1 at 2021-09-14 04:03:26 +0200
Started GET "/cats" for ::1 at 2021-09-14 04:04:37 +0200
Processing by CatsController#index as HTML
  Rendering layout layouts/application.html.erb
  Rendering cats/index.html.erb within layouts/application
  [1m[36mCat Load (4.8ms)[0m  [1m[34mSELECT "cats".* FROM "cats"[0m
  ↳ app/views/cats/index.html.erb:10
  Rendered cats/index.html.erb within layouts/application (Duration: 12.1ms | Allocations: 917)
  Rendered layout layouts/application.html.erb (Duration: 523.0ms | Allocations: 4386)
Completed 500 Internal Server Error in 527ms (ActiveRecord: 4.8ms | Allocations: 4735)



Sprockets::Rails::Helper::AssetNotPrecompiled - application.css:
  app/views/layouts/application.html.erb:9
  app/controllers/cats_controller.rb:7:in `index'

Started POST "/__better_errors/fe5ea89a4db9f2d6/variables" for ::1 at 2021-09-14 04:04:38 +0200
Started GET "/cats" for ::1 at 2021-09-14 04:05:08 +0200
Processing by CatsController#index as HTML
  Rendering layout layouts/application.html.erb
  Rendering cats/index.html.erb within layouts/application
  [1m[36mCat Load (2.3ms)[0m  [1m[34mSELECT "cats".* FROM "cats"[0m
  ↳ app/views/cats/index.html.erb:10
  Rendered cats/index.html.erb within layouts/application (Duration: 10.2ms | Allocations: 917)
  Rendered layout layouts/application.html.erb (Duration: 468.0ms | Allocations: 4466)
Completed 500 Internal Server Error in 472ms (ActiveRecord: 2.3ms | Allocations: 4815)



Sprockets::Rails::Helper::AssetNotPrecompiled - application.css:
  app/views/layouts/application.html.erb:9
  app/controllers/cats_controller.rb:7:in `index'

Started POST "/__better_errors/726688e42be2a340/variables" for ::1 at 2021-09-14 04:05:09 +0200
Started GET "/cats" for ::1 at 2021-09-14 04:10:37 +0200
  [1m[35m (1.4ms)[0m  [1m[34mSELECT "schema_migrations"."version" FROM "schema_migrations" ORDER BY "schema_migrations"."version" ASC[0m
  [1m[35mCACHE  (0.0ms)[0m  [1m[34mSELECT "schema_migrations"."version" FROM "schema_migrations" ORDER BY "schema_migrations"."version" ASC[0m

ActiveRecord::PendingMigrationError - Migrations are pending. To resolve this issue, run:
        bin/rails db:migrate RAILS_ENV=development
You have 5 pending migrations:
20210913231128_create_cats.rb
20210913235943_create_cat_rental_requests.rb
20210914004631_create_users.rb
20210914005404_add_user_id_to_cats.rb
20210914005505_add_user_id_to_cat_rental_requests.rb:

Started POST "/__better_errors/cbdf307a293b0e95/variables" for ::1 at 2021-09-14 04:10:38 +0200
  [1m[35m (0.4ms)[0m  [1m[34mSELECT pg_try_advisory_lock(723150122408807205)[0m
  [1m[35m (0.8ms)[0m  [1m[34mSELECT "schema_migrations"."version" FROM "schema_migrations" ORDER BY "schema_migrations"."version" ASC[0m
Migrating to CreateCats (20210913231128)
  [1m[36mTRANSACTION (0.4ms)[0m  [1m[35mBEGIN[0m
  [1m[35m (145.5ms)[0m  [1m[35mCREATE TABLE "cats" ("id" bigserial primary key, "birth_date" date NOT NULL, "color" character varying NOT NULL, "sex" character varying(1) NOT NULL, "name" character varying NOT NULL, "description" text NOT NULL, "created_at" timestamp(6) NOT NULL, "updated_at" timestamp(6) NOT NULL)[0m
  [1m[36mTRANSACTION (0.5ms)[0m  [1m[31mROLLBACK[0m
  [1m[35m (0.4ms)[0m  [1m[34mSELECT pg_advisory_unlock(723150122408807205)[0m
Started GET "/cats" for ::1 at 2021-09-14 04:11:34 +0200
  [1m[35m (1.7ms)[0m  [1m[34mSELECT "schema_migrations"."version" FROM "schema_migrations" ORDER BY "schema_migrations"."version" ASC[0m
  [1m[35mCACHE  (0.0ms)[0m  [1m[34mSELECT "schema_migrations"."version" FROM "schema_migrations" ORDER BY "schema_migrations"."version" ASC[0m

ActiveRecord::PendingMigrationError - Migrations are pending. To resolve this issue, run:
        bin/rails db:migrate RAILS_ENV=development
You have 5 pending migrations:
20210913231128_create_cats.rb
20210913235943_create_cat_rental_requests.rb
20210914004631_create_users.rb
20210914005404_add_user_id_to_cats.rb
20210914005505_add_user_id_to_cat_rental_requests.rb:

Started POST "/__better_errors/33aea133093f13a9/variables" for ::1 at 2021-09-14 04:11:34 +0200
  [1m[35m (0.8ms)[0m  [1m[34mSELECT "schema_migrations"."version" FROM "schema_migrations" ORDER BY "schema_migrations"."version" ASC[0m
  [1m[35m (0.6ms)[0m  [1m[34mSELECT "schema_migrations"."version" FROM "schema_migrations" ORDER BY "schema_migrations"."version" ASC[0m
  [1m[35m (0.4ms)[0m  [1m[34mSELECT "schema_migrations"."version" FROM "schema_migrations" ORDER BY "schema_migrations"."version" ASC[0m
Started GET "/cats" for ::1 at 2021-09-14 04:14:12 +0200
  [1m[35m (2.0ms)[0m  [1m[34mSELECT "schema_migrations"."version" FROM "schema_migrations" ORDER BY "schema_migrations"."version" ASC[0m
  [1m[35mCACHE  (0.0ms)[0m  [1m[34mSELECT "schema_migrations"."version" FROM "schema_migrations" ORDER BY "schema_migrations"."version" ASC[0m

ActiveRecord::PendingMigrationError - Migrations are pending. To resolve this issue, run:
        bin/rails db:migrate RAILS_ENV=development
You have 5 pending migrations:
20210913231128_create_cats.rb
20210913235943_create_cat_rental_requests.rb
20210914004631_create_users.rb
20210914005404_add_user_id_to_cats.rb
20210914005505_add_user_id_to_cat_rental_requests.rb:

Started POST "/__better_errors/8ca2d8b576883845/variables" for ::1 at 2021-09-14 04:14:13 +0200
  [1m[35m (0.8ms)[0m  [1m[34mSELECT "schema_migrations"."version" FROM "schema_migrations" ORDER BY "schema_migrations"."version" ASC[0m
  [1m[35m (0.4ms)[0m  [1m[34mSELECT "schema_migrations"."version" FROM "schema_migrations" ORDER BY "schema_migrations"."version" ASC[0m
  [1m[35m (0.4ms)[0m  [1m[34mSELECT "schema_migrations"."version" FROM "schema_migrations" ORDER BY "schema_migrations"."version" ASC[0m
Started GET "/" for ::1 at 2021-09-14 16:42:12 +0200
Started GET "/" for ::1 at 2021-09-14 16:42:12 +0200
  [1m[35m (35.3ms)[0m  [1m[34mSELECT "schema_migrations"."version" FROM "schema_migrations" ORDER BY "schema_migrations"."version" ASC[0m
  [1m[35mCACHE  (0.0ms)[0m  [1m[34mSELECT "schema_migrations"."version" FROM "schema_migrations" ORDER BY "schema_migrations"."version" ASC[0m

ActiveRecord::PendingMigrationError - Migrations are pending. To resolve this issue, run:
        bin/rails db:migrate RAILS_ENV=development
You have 5 pending migrations:
20210913231128_create_cats.rb
20210913235943_create_cat_rental_requests.rb
20210914004631_create_users.rb
20210914005404_add_user_id_to_cats.rb
20210914005505_add_user_id_to_cat_rental_requests.rb:

  [1m[35m (1.3ms)[0m  [1m[34mSELECT "schema_migrations"."version" FROM "schema_migrations" ORDER BY "schema_migrations"."version" ASC[0m
  [1m[35mCACHE  (0.0ms)[0m  [1m[34mSELECT "schema_migrations"."version" FROM "schema_migrations" ORDER BY "schema_migrations"."version" ASC[0m

ActiveRecord::PendingMigrationError - Migrations are pending. To resolve this issue, run:
        bin/rails db:migrate RAILS_ENV=development
You have 5 pending migrations:
20210913231128_create_cats.rb
20210913235943_create_cat_rental_requests.rb
20210914004631_create_users.rb
20210914005404_add_user_id_to_cats.rb
20210914005505_add_user_id_to_cat_rental_requests.rb:

Started POST "/__better_errors/72165985db88732a/variables" for ::1 at 2021-09-14 16:42:14 +0200
  [1m[35m (0.3ms)[0m  [1m[34mSELECT pg_try_advisory_lock(723150122408807205)[0m
  [1m[35m (1.3ms)[0m  [1m[34mSELECT "schema_migrations"."version" FROM "schema_migrations" ORDER BY "schema_migrations"."version" ASC[0m
Migrating to CreateCats (20210913231128)
  [1m[36mTRANSACTION (0.4ms)[0m  [1m[35mBEGIN[0m
  [1m[35m (316.2ms)[0m  [1m[35mCREATE TABLE "cats" ("id" bigserial primary key, "birth_date" date NOT NULL, "color" character varying NOT NULL, "sex" character varying(1) NOT NULL, "name" character varying NOT NULL, "description" text NOT NULL, "created_at" timestamp(6) NOT NULL, "updated_at" timestamp(6) NOT NULL)[0m
  [1m[36mTRANSACTION (0.3ms)[0m  [1m[31mROLLBACK[0m
  [1m[35m (0.4ms)[0m  [1m[34mSELECT pg_advisory_unlock(723150122408807205)[0m
  [1m[35m (0.6ms)[0m  [1m[35mCREATE DATABASE "ninety_nine_cats_development" ENCODING = 'unicode'[0m
  [1m[35m (0.9ms)[0m  [1m[35mCREATE DATABASE "ninety_nine_cats_test" ENCODING = 'unicode'[0m
  [1m[35m (0.8ms)[0m  [1m[34mSELECT "schema_migrations"."version" FROM "schema_migrations" ORDER BY "schema_migrations"."version" ASC[0m
  [1m[35m (77.3ms)[0m  [1m[34mSELECT "ar_internal_metadata"."value" FROM "ar_internal_metadata" WHERE "ar_internal_metadata"."key" = $1[0m  [["key", "environment"]]
  [1m[35m (0.5ms)[0m  [1m[34mSELECT "schema_migrations"."version" FROM "schema_migrations" ORDER BY "schema_migrations"."version" ASC[0m
  [1m[35m (0.4ms)[0m  [1m[34mSELECT "ar_internal_metadata"."value" FROM "ar_internal_metadata" WHERE "ar_internal_metadata"."key" = $1[0m  [["key", "environment"]]
  [1m[35m (0.4ms)[0m  [1m[34mSELECT "schema_migrations"."version" FROM "schema_migrations" ORDER BY "schema_migrations"."version" ASC[0m
  [1m[35m (0.3ms)[0m  [1m[34mSELECT "ar_internal_metadata"."value" FROM "ar_internal_metadata" WHERE "ar_internal_metadata"."key" = $1[0m  [["key", "environment"]]
  [1m[35mSQL (49.2ms)[0m  [1m[35mCREATE EXTENSION IF NOT EXISTS "plpgsql"[0m
  [1m[35m (163.7ms)[0m  [1m[35mDROP TABLE IF EXISTS "cat_rental_requests" CASCADE[0m
  [1m[35m (330.0ms)[0m  [1m[35mCREATE TABLE "cat_rental_requests" ("id" bigserial primary key, "cat_id" integer NOT NULL, "start_date" date NOT NULL, "end_date" date NOT NULL, "status" character varying NOT NULL, "created_at" timestamp(6) NOT NULL, "updated_at" timestamp(6) NOT NULL, "user_id" integer NOT NULL)[0m
  [1m[35m (155.9ms)[0m  [1m[35mCREATE INDEX "index_cat_rental_requests_on_cat_id" ON "cat_rental_requests" ("cat_id")[0m
  [1m[35m (82.1ms)[0m  [1m[35mCREATE INDEX "index_cat_rental_requests_on_user_id" ON "cat_rental_requests" ("user_id")[0m
  [1m[35m (40.4ms)[0m  [1m[35mDROP TABLE IF EXISTS "cats" CASCADE[0m
  [1m[35m (198.1ms)[0m  [1m[35mCREATE TABLE "cats" ("id" bigserial primary key, "birth_date" date NOT NULL, "color" character varying NOT NULL, "sex" character varying(1) NOT NULL, "name" character varying NOT NULL, "description" text NOT NULL, "created_at" timestamp(6) NOT NULL, "updated_at" timestamp(6) NOT NULL, "user_id" integer NOT NULL)[0m
  [1m[35m (139.6ms)[0m  [1m[35mCREATE INDEX "index_cats_on_user_id" ON "cats" ("user_id")[0m
  [1m[35m (31.7ms)[0m  [1m[35mDROP TABLE IF EXISTS "users" CASCADE[0m
  [1m[35m (164.1ms)[0m  [1m[35mCREATE TABLE "users" ("id" bigserial primary key, "password_digest" character varying NOT NULL, "session_token" character varying NOT NULL, "username" character varying NOT NULL, "created_at" timestamp(6) NOT NULL, "updated_at" timestamp(6) NOT NULL)[0m
  [1m[35m (76.9ms)[0m  [1m[35mCREATE UNIQUE INDEX "index_users_on_session_token" ON "users" ("session_token")[0m
  [1m[35m (86.9ms)[0m  [1m[35mCREATE UNIQUE INDEX "index_users_on_username" ON "users" ("username")[0m
  [1m[35m (0.9ms)[0m  [1m[34mSELECT "schema_migrations"."version" FROM "schema_migrations" ORDER BY "schema_migrations"."version" ASC[0m
  [1m[35m (18.8ms)[0m  [1m[32mINSERT INTO "schema_migrations" (version) VALUES (20210914005505)[0m
  [1m[35m (20.9ms)[0m  [1m[32mINSERT INTO "schema_migrations" (version) VALUES
(20210913231128),
(20210913235943),
(20210914004631),
(20210914005404);

[0m
  [1m[36mActiveRecord::InternalMetadata Load (0.6ms)[0m  [1m[34mSELECT "ar_internal_metadata".* FROM "ar_internal_metadata" WHERE "ar_internal_metadata"."key" = $1 LIMIT $2[0m  [["key", "environment"], ["LIMIT", 1]]
  [1m[36mActiveRecord::InternalMetadata Load (0.5ms)[0m  [1m[34mSELECT "ar_internal_metadata".* FROM "ar_internal_metadata" WHERE "ar_internal_metadata"."key" = $1 LIMIT $2[0m  [["key", "environment"], ["LIMIT", 1]]
  [1m[36mActiveRecord::InternalMetadata Load (0.6ms)[0m  [1m[34mSELECT "ar_internal_metadata".* FROM "ar_internal_metadata" WHERE "ar_internal_metadata"."key" = $1 LIMIT $2[0m  [["key", "schema_sha1"], ["LIMIT", 1]]
  [1m[36mTRANSACTION (0.3ms)[0m  [1m[35mBEGIN[0m
  [1m[36mActiveRecord::InternalMetadata Update (0.8ms)[0m  [1m[33mUPDATE "ar_internal_metadata" SET "value" = $1, "updated_at" = $2 WHERE "ar_internal_metadata"."key" = $3[0m  [["value", "9496445b22b1f5af9db9bdf1b9e245f1094464aa"], ["updated_at", "2021-09-14 14:43:23.081230"], ["key", "schema_sha1"]]
  [1m[36mTRANSACTION (39.4ms)[0m  [1m[35mCOMMIT[0m
  [1m[35mSQL (9.5ms)[0m  [1m[35mCREATE EXTENSION IF NOT EXISTS "plpgsql"[0m
  [1m[35m (170.5ms)[0m  [1m[35mDROP TABLE IF EXISTS "cat_rental_requests" CASCADE[0m
  [1m[35m (428.7ms)[0m  [1m[35mCREATE TABLE "cat_rental_requests" ("id" bigserial primary key, "cat_id" integer NOT NULL, "start_date" date NOT NULL, "end_date" date NOT NULL, "status" character varying NOT NULL, "created_at" timestamp(6) NOT NULL, "updated_at" timestamp(6) NOT NULL, "user_id" integer NOT NULL)[0m
  [1m[35m (106.2ms)[0m  [1m[35mCREATE INDEX "index_cat_rental_requests_on_cat_id" ON "cat_rental_requests" ("cat_id")[0m
  [1m[35m (168.9ms)[0m  [1m[35mCREATE INDEX "index_cat_rental_requests_on_user_id" ON "cat_rental_requests" ("user_id")[0m
  [1m[35m (60.9ms)[0m  [1m[35mDROP TABLE IF EXISTS "cats" CASCADE[0m
  [1m[35m (145.9ms)[0m  [1m[35mCREATE TABLE "cats" ("id" bigserial primary key, "birth_date" date NOT NULL, "color" character varying NOT NULL, "sex" character varying(1) NOT NULL, "name" character varying NOT NULL, "description" text NOT NULL, "created_at" timestamp(6) NOT NULL, "updated_at" timestamp(6) NOT NULL, "user_id" integer NOT NULL)[0m
  [1m[35m (90.2ms)[0m  [1m[35mCREATE INDEX "index_cats_on_user_id" ON "cats" ("user_id")[0m
  [1m[35m (25.8ms)[0m  [1m[35mDROP TABLE IF EXISTS "users" CASCADE[0m
  [1m[35m (246.2ms)[0m  [1m[35mCREATE TABLE "users" ("id" bigserial primary key, "password_digest" character varying NOT NULL, "session_token" character varying NOT NULL, "username" character varying NOT NULL, "created_at" timestamp(6) NOT NULL, "updated_at" timestamp(6) NOT NULL)[0m
  [1m[35m (114.2ms)[0m  [1m[35mCREATE UNIQUE INDEX "index_users_on_session_token" ON "users" ("session_token")[0m
  [1m[35m (83.1ms)[0m  [1m[35mCREATE UNIQUE INDEX "index_users_on_username" ON "users" ("username")[0m
  [1m[35m (38.1ms)[0m  [1m[34mSELECT "schema_migrations"."version" FROM "schema_migrations" ORDER BY "schema_migrations"."version" ASC[0m
  [1m[35m (38.6ms)[0m  [1m[32mINSERT INTO "schema_migrations" (version) VALUES (20210914005505)[0m
  [1m[35m (22.4ms)[0m  [1m[32mINSERT INTO "schema_migrations" (version) VALUES
(20210913231128),
(20210913235943),
(20210914004631),
(20210914005404);

[0m
  [1m[36mActiveRecord::InternalMetadata Load (8.7ms)[0m  [1m[34mSELECT "ar_internal_metadata".* FROM "ar_internal_metadata" WHERE "ar_internal_metadata"."key" = $1 LIMIT $2[0m  [["key", "environment"], ["LIMIT", 1]]
  [1m[36mTRANSACTION (0.4ms)[0m  [1m[35mBEGIN[0m
  [1m[36mActiveRecord::InternalMetadata Update (0.9ms)[0m  [1m[33mUPDATE "ar_internal_metadata" SET "value" = $1, "updated_at" = $2 WHERE "ar_internal_metadata"."key" = $3[0m  [["value", "development"], ["updated_at", "2021-09-14 14:43:25.275877"], ["key", "environment"]]
  [1m[36mTRANSACTION (32.9ms)[0m  [1m[35mCOMMIT[0m
  [1m[36mActiveRecord::InternalMetadata Load (0.6ms)[0m  [1m[34mSELECT "ar_internal_metadata".* FROM "ar_internal_metadata" WHERE "ar_internal_metadata"."key" = $1 LIMIT $2[0m  [["key", "environment"], ["LIMIT", 1]]
  [1m[36mTRANSACTION (0.4ms)[0m  [1m[35mBEGIN[0m
  [1m[36mActiveRecord::InternalMetadata Update (0.9ms)[0m  [1m[33mUPDATE "ar_internal_metadata" SET "value" = $1, "updated_at" = $2 WHERE "ar_internal_metadata"."key" = $3[0m  [["value", "test"], ["updated_at", "2021-09-14 14:43:25.317345"], ["key", "environment"]]
  [1m[36mTRANSACTION (22.4ms)[0m  [1m[35mCOMMIT[0m
  [1m[36mActiveRecord::InternalMetadata Load (0.5ms)[0m  [1m[34mSELECT "ar_internal_metadata".* FROM "ar_internal_metadata" WHERE "ar_internal_metadata"."key" = $1 LIMIT $2[0m  [["key", "schema_sha1"], ["LIMIT", 1]]
  [1m[36mTRANSACTION (0.3ms)[0m  [1m[35mBEGIN[0m
  [1m[36mActiveRecord::InternalMetadata Update (0.7ms)[0m  [1m[33mUPDATE "ar_internal_metadata" SET "value" = $1, "updated_at" = $2 WHERE "ar_internal_metadata"."key" = $3[0m  [["value", "9496445b22b1f5af9db9bdf1b9e245f1094464aa"], ["updated_at", "2021-09-14 14:43:25.350767"], ["key", "schema_sha1"]]
  [1m[36mTRANSACTION (24.8ms)[0m  [1m[35mCOMMIT[0m
  [1m[35m (0.8ms)[0m  [1m[34mSELECT "schema_migrations"."version" FROM "schema_migrations" ORDER BY "schema_migrations"."version" ASC[0m
Started GET "/" for ::1 at 2021-09-14 16:43:29 +0200
  [1m[35m (1.4ms)[0m  [1m[34mSELECT "schema_migrations"."version" FROM "schema_migrations" ORDER BY "schema_migrations"."version" ASC[0m
Started GET "/cats" for ::1 at 2021-09-14 16:43:29 +0200
Processing by CatsController#index as HTML
  Rendering layout layouts/application.html.erb
  Rendering cats/index.html.erb within layouts/application
  [1m[36mCat Load (4.2ms)[0m  [1m[34mSELECT "cats".* FROM "cats"[0m
  Rendered cats/index.html.erb within layouts/application (Duration: 141.8ms | Allocations: 2275)
  Rendered layout layouts/application.html.erb (Duration: 6457.2ms | Allocations: 59822)
Completed 200 OK in 6930ms (Views: 6559.7ms | ActiveRecord: 94.9ms | Allocations: 66123)


Started GET "/users/new" for ::1 at 2021-09-14 16:44:14 +0200
Processing by UsersController#new as HTML
  Rendering layout layouts/application.html.erb
  Rendering users/new.html.erb within layouts/application
  Rendered shared/_errors.html.erb (Duration: 12.0ms | Allocations: 216)
  Rendered users/new.html.erb within layouts/application (Duration: 30.9ms | Allocations: 720)
  Rendered layout layouts/application.html.erb (Duration: 266.1ms | Allocations: 4814)
Completed 200 OK in 465ms (Views: 281.4ms | ActiveRecord: 87.9ms | Allocations: 10602)


Started POST "/users" for ::1 at 2021-09-14 16:44:18 +0200
Processing by UsersController#create as HTML
  Parameters: {"authenticity_token"=>"B2ehD7RY3lpIH/N0Wb6VVmjdF4RAR5rFCQbWiKZ+lty45nFJCYx4LO8r1OTDGRqqbPwg56yunKVWHDoULo5jBw==", "user"=>{"username"=>"elaraby", "password"=>"[FILTERED]"}}
  [1m[36mTRANSACTION (1.7ms)[0m  [1m[35mBEGIN[0m
  [1m[36mUser Exists? (2.9ms)[0m  [1m[34mSELECT 1 AS one FROM "users" WHERE "users"."username" = $1 LIMIT $2[0m  [["username", "elaraby"], ["LIMIT", 1]]
  [1m[36mUser Exists? (2.6ms)[0m  [1m[34mSELECT 1 AS one FROM "users" WHERE "users"."session_token" = $1 LIMIT $2[0m  [["session_token", "5ps_oikDto2Sh5he_vHl7Q"], ["LIMIT", 1]]
  [1m[36mUser Create (1.7ms)[0m  [1m[32mINSERT INTO "users" ("password_digest", "session_token", "username", "created_at", "updated_at") VALUES ($1, $2, $3, $4, $5) RETURNING "id"[0m  [["password_digest", "$2a$12$fDT1/97fHzRELEvlXQ09u.naEtitLDHYfMgT2Td9.XGM.iIaR6biy"], ["session_token", "5ps_oikDto2Sh5he_vHl7Q"], ["username", "elaraby"], ["created_at", "2021-09-14 14:44:18.600964"], ["updated_at", "2021-09-14 14:44:18.600964"]]
  [1m[36mTRANSACTION (151.2ms)[0m  [1m[35mCOMMIT[0m
  [1m[36mTRANSACTION (2.1ms)[0m  [1m[35mBEGIN[0m
  [1m[36mUser Exists? (2.1ms)[0m  [1m[34mSELECT 1 AS one FROM "users" WHERE "users"."username" = $1 AND "users"."id" != $2 LIMIT $3[0m  [["username", "elaraby"], ["id", 1], ["LIMIT", 1]]
  [1m[36mUser Exists? (1.6ms)[0m  [1m[34mSELECT 1 AS one FROM "users" WHERE "users"."session_token" = $1 AND "users"."id" != $2 LIMIT $3[0m  [["session_token", "BXk4IPMeUoNYpo41xjUHrg"], ["id", 1], ["LIMIT", 1]]
  [1m[36mUser Update (2.7ms)[0m  [1m[33mUPDATE "users" SET "session_token" = $1, "updated_at" = $2 WHERE "users"."id" = $3[0m  [["session_token", "BXk4IPMeUoNYpo41xjUHrg"], ["updated_at", "2021-09-14 14:44:18.772202"], ["id", 1]]
  [1m[36mTRANSACTION (103.8ms)[0m  [1m[35mCOMMIT[0m
Redirected to http://localhost:3000/cats
Completed 302 Found in 677ms (ActiveRecord: 272.4ms | Allocations: 5454)


Started GET "/cats" for ::1 at 2021-09-14 16:44:18 +0200
Processing by CatsController#index as HTML
  Rendering layout layouts/application.html.erb
  Rendering cats/index.html.erb within layouts/application
  [1m[36mCat Load (1.7ms)[0m  [1m[34mSELECT "cats".* FROM "cats"[0m
  Rendered cats/index.html.erb within layouts/application (Duration: 6.0ms | Allocations: 532)
  [1m[36mUser Load (2.3ms)[0m  [1m[34mSELECT "users".* FROM "users" WHERE "users"."session_token" = $1 LIMIT $2[0m  [["session_token", "BXk4IPMeUoNYpo41xjUHrg"], ["LIMIT", 1]]
  Rendered layout layouts/application.html.erb (Duration: 288.9ms | Allocations: 5267)
Completed 200 OK in 293ms (Views: 286.1ms | ActiveRecord: 5.5ms | Allocations: 5745)


Started GET "/cats/new" for ::1 at 2021-09-14 16:44:24 +0200
Processing by CatsController#new as HTML
  [1m[36mUser Load (1.2ms)[0m  [1m[34mSELECT "users".* FROM "users" WHERE "users"."session_token" = $1 LIMIT $2[0m  [["session_token", "BXk4IPMeUoNYpo41xjUHrg"], ["LIMIT", 1]]
  Rendering layout layouts/application.html.erb
  Rendering cats/new.html.erb within layouts/application
  Rendered shared/_errors.html.erb (Duration: 0.3ms | Allocations: 57)
  Rendered cats/_form.html.erb (Duration: 54.6ms | Allocations: 556)
  Rendered cats/new.html.erb within layouts/application (Duration: 74.8ms | Allocations: 1014)
  Rendered layout layouts/application.html.erb (Duration: 352.9ms | Allocations: 5013)
Completed 200 OK in 384ms (Views: 365.8ms | ActiveRecord: 5.0ms | Allocations: 9674)


Started POST "/cats" for ::1 at 2021-09-14 16:44:40 +0200
Processing by CatsController#create as HTML
  Parameters: {"authenticity_token"=>"l3MC/sOvn/lRXp4o0kCgOaL4EljUEAlhJ6pe7BUXYico8tK4fns5j/ZqubhI5y/FptklOzj5DwF4sLJwneeX/A==", "cat"=>{"name"=>"weew", "birth_date"=>"2009-12-21", "color"=>"white", "sex"=>"F", "description"=>"122222"}}
  [1m[36mUser Load (2.4ms)[0m  [1m[34mSELECT "users".* FROM "users" WHERE "users"."session_token" = $1 LIMIT $2[0m  [["session_token", "BXk4IPMeUoNYpo41xjUHrg"], ["LIMIT", 1]]
  [1m[36mTRANSACTION (1.5ms)[0m  [1m[35mBEGIN[0m
  [1m[36mUser Load (1.9ms)[0m  [1m[34mSELECT "users".* FROM "users" WHERE "users"."id" = $1 LIMIT $2[0m  [["id", 1], ["LIMIT", 1]]
  [1m[36mCat Create (2.0ms)[0m  [1m[32mINSERT INTO "cats" ("birth_date", "color", "sex", "name", "description", "created_at", "updated_at", "user_id") VALUES ($1, $2, $3, $4, $5, $6, $7, $8) RETURNING "id"[0m  [["birth_date", "2009-12-21"], ["color", "white"], ["sex", "F"], ["name", "weew"], ["description", "122222"], ["created_at", "2021-09-14 14:44:41.178543"], ["updated_at", "2021-09-14 14:44:41.178543"], ["user_id", 1]]
  [1m[36mTRANSACTION (31.0ms)[0m  [1m[35mCOMMIT[0m
Redirected to http://localhost:3000/cats/1
Completed 302 Found in 331ms (ActiveRecord: 38.8ms | Allocations: 7770)


Started GET "/cats/1" for ::1 at 2021-09-14 16:44:41 +0200
Processing by CatsController#show as HTML
  Parameters: {"id"=>"1"}
  [1m[36mCat Load (1.1ms)[0m  [1m[34mSELECT "cats".* FROM "cats" WHERE "cats"."id" = $1 LIMIT $2[0m  [["id", 1], ["LIMIT", 1]]
  Rendering layout layouts/application.html.erb
  Rendering cats/show.html.erb within layouts/application
  [1m[36mUser Load (1.3ms)[0m  [1m[34mSELECT "users".* FROM "users" WHERE "users"."id" = $1 LIMIT $2[0m  [["id", 1], ["LIMIT", 1]]
  [1m[36mUser Load (1.6ms)[0m  [1m[34mSELECT "users".* FROM "users" WHERE "users"."session_token" = $1 LIMIT $2[0m  [["session_token", "BXk4IPMeUoNYpo41xjUHrg"], ["LIMIT", 1]]
  [1m[36mCatRentalRequest Exists? (2.1ms)[0m  [1m[34mSELECT 1 AS one FROM "cat_rental_requests" WHERE "cat_rental_requests"."cat_id" = $1 LIMIT $2[0m  [["cat_id", 1], ["LIMIT", 1]]
  Rendered cats/show.html.erb within layouts/application (Duration: 350.9ms | Allocations: 7165)
  Rendered layout layouts/application.html.erb (Duration: 589.7ms | Allocations: 11155)
Completed 200 OK in 609ms (Views: 595.7ms | ActiveRecord: 8.3ms | Allocations: 12268)


Started GET "/cats" for ::1 at 2021-09-14 16:44:50 +0200
Processing by CatsController#index as HTML
  Rendering layout layouts/application.html.erb
  Rendering cats/index.html.erb within layouts/application
  [1m[36mCat Load (2.0ms)[0m  [1m[34mSELECT "cats".* FROM "cats"[0m
  Rendered cats/index.html.erb within layouts/application (Duration: 6.2ms | Allocations: 575)
  [1m[36mUser Load (1.5ms)[0m  [1m[34mSELECT "users".* FROM "users" WHERE "users"."session_token" = $1 LIMIT $2[0m  [["session_token", "BXk4IPMeUoNYpo41xjUHrg"], ["LIMIT", 1]]
  Rendered layout layouts/application.html.erb (Duration: 348.4ms | Allocations: 4860)
Completed 200 OK in 353ms (Views: 348.4ms | ActiveRecord: 3.5ms | Allocations: 5334)


Started GET "/cats/1" for ::1 at 2021-09-14 16:44:55 +0200
Processing by CatsController#show as HTML
  Parameters: {"id"=>"1"}
  [1m[36mCat Load (1.2ms)[0m  [1m[34mSELECT "cats".* FROM "cats" WHERE "cats"."id" = $1 LIMIT $2[0m  [["id", 1], ["LIMIT", 1]]
  Rendering layout layouts/application.html.erb
  Rendering cats/show.html.erb within layouts/application
  [1m[36mUser Load (2.7ms)[0m  [1m[34mSELECT "users".* FROM "users" WHERE "users"."id" = $1 LIMIT $2[0m  [["id", 1], ["LIMIT", 1]]
  [1m[36mUser Load (3.7ms)[0m  [1m[34mSELECT "users".* FROM "users" WHERE "users"."session_token" = $1 LIMIT $2[0m  [["session_token", "BXk4IPMeUoNYpo41xjUHrg"], ["LIMIT", 1]]
  [1m[36mCatRentalRequest Exists? (2.4ms)[0m  [1m[34mSELECT 1 AS one FROM "cat_rental_requests" WHERE "cat_rental_requests"."cat_id" = $1 LIMIT $2[0m  [["cat_id", 1], ["LIMIT", 1]]
  Rendered cats/show.html.erb within layouts/application (Duration: 19.8ms | Allocations: 1362)
  Rendered layout layouts/application.html.erb (Duration: 271.1ms | Allocations: 5345)
Completed 200 OK in 279ms (Views: 264.3ms | ActiveRecord: 10.0ms | Allocations: 6209)


Started GET "/cat_rental_requests/new?cat_id=1" for ::1 at 2021-09-14 16:45:00 +0200
Processing by CatRentalRequestsController#new as HTML
  Parameters: {"cat_id"=>"1"}
  Rendering layout layouts/application.html.erb
  Rendering cat_rental_requests/new.html.erb within layouts/application
  Rendered shared/_errors.html.erb (Duration: 0.4ms | Allocations: 58)
  [1m[36mCat Load (2.2ms)[0m  [1m[34mSELECT "cats".* FROM "cats"[0m
  Rendered cat_rental_requests/new.html.erb within layouts/application (Duration: 43.4ms | Allocations: 843)
  [1m[36mUser Load (1.9ms)[0m  [1m[34mSELECT "users".* FROM "users" WHERE "users"."session_token" = $1 LIMIT $2[0m  [["session_token", "BXk4IPMeUoNYpo41xjUHrg"], ["LIMIT", 1]]
  Rendered layout layouts/application.html.erb (Duration: 317.8ms | Allocations: 5176)
Completed 200 OK in 349ms (Views: 320.8ms | ActiveRecord: 8.3ms | Allocations: 9744)


Started POST "/cat_rental_requests" for ::1 at 2021-09-14 16:45:33 +0200
Processing by CatRentalRequestsController#create as HTML
  Parameters: {"authenticity_token"=>"qD+XJjF6bMW2NoWwaCJbOCHAh6+unZmTDWNrXEVGnBEXvkdgjK7KsxECoiDyhdTEJeGwzEJ0n/NSeYfAzbZpyg==", "cat_rental_request"=>{"cat_id"=>"1", "start_date"=>"2222-12-21", "end_date"=>"2220-02-01"}}
  [1m[36mUser Load (1.0ms)[0m  [1m[34mSELECT "users".* FROM "users" WHERE "users"."session_token" = $1 LIMIT $2[0m  [["session_token", "BXk4IPMeUoNYpo41xjUHrg"], ["LIMIT", 1]]
DEPRECATION WARNING: Calling `<<` to an ActiveModel::Errors message array in order to add an error is deprecated. Please call `ActiveModel::Errors#add` instead. (called from start_must_come_before_end at /mnt/f/github/Rails/auth/catt/app/models/cat_rental_request.rb:157)
  [1m[36mTRANSACTION (1.2ms)[0m  [1m[35mBEGIN[0m
  [1m[36mCatRentalRequest Exists? (1.8ms)[0m  [1m[34mSELECT 1 AS one FROM "cat_rental_requests" WHERE "cat_rental_requests"."id" IS NOT NULL AND "cat_rental_requests"."cat_id" = $1 AND NOT (start_date > '2220-02-01' OR end_date < '2222-12-21') AND (status = 'APPROVED') LIMIT $2[0m  [["cat_id", 1], ["LIMIT", 1]]
  [1m[36mCat Load (1.2ms)[0m  [1m[34mSELECT "cats".* FROM "cats" WHERE "cats"."id" = $1 LIMIT $2[0m  [["id", 1], ["LIMIT", 1]]
  [1m[36mUser Load (1.9ms)[0m  [1m[34mSELECT "users".* FROM "users" WHERE "users"."id" = $1 LIMIT $2[0m  [["id", 1], ["LIMIT", 1]]
  [1m[36mTRANSACTION (1.9ms)[0m  [1m[31mROLLBACK[0m
  Rendering layout layouts/application.html.erb
  Rendering cat_rental_requests/new.html.erb within layouts/application
  Rendered shared/_errors.html.erb (Duration: 0.3ms | Allocations: 50)
  [1m[36mCat Load (4.5ms)[0m  [1m[34mSELECT "cats".* FROM "cats"[0m
  Rendered cat_rental_requests/new.html.erb within layouts/application (Duration: 8.4ms | Allocations: 521)
  Rendered layout layouts/application.html.erb (Duration: 311.5ms | Allocations: 4538)
Completed 200 OK in 395ms (Views: 309.1ms | ActiveRecord: 13.4ms | Allocations: 10428)


Started GET "/cats" for ::1 at 2021-09-14 16:45:41 +0200
Processing by CatsController#index as HTML
  Rendering layout layouts/application.html.erb
  Rendering cats/index.html.erb within layouts/application
  [1m[36mCat Load (2.3ms)[0m  [1m[34mSELECT "cats".* FROM "cats"[0m
  Rendered cats/index.html.erb within layouts/application (Duration: 7.4ms | Allocations: 573)
  [1m[36mUser Load (2.3ms)[0m  [1m[34mSELECT "users".* FROM "users" WHERE "users"."session_token" = $1 LIMIT $2[0m  [["session_token", "BXk4IPMeUoNYpo41xjUHrg"], ["LIMIT", 1]]
  Rendered layout layouts/application.html.erb (Duration: 312.7ms | Allocations: 4855)
Completed 200 OK in 320ms (Views: 313.4ms | ActiveRecord: 4.6ms | Allocations: 5330)


Started GET "/cats" for ::1 at 2021-09-14 16:48:30 +0200
Processing by CatsController#index as HTML
  Rendering layout layouts/application.html.erb
  Rendering cats/index.html.erb within layouts/application
  [1m[36mCat Load (1.9ms)[0m  [1m[34mSELECT "cats".* FROM "cats"[0m
  Rendered cats/index.html.erb within layouts/application (Duration: 6.1ms | Allocations: 573)
  [1m[36mUser Load (1.4ms)[0m  [1m[34mSELECT "users".* FROM "users" WHERE "users"."session_token" = $1 LIMIT $2[0m  [["session_token", "BXk4IPMeUoNYpo41xjUHrg"], ["LIMIT", 1]]
  Rendered layout layouts/application.html.erb (Duration: 895.2ms | Allocations: 14353)
Completed 200 OK in 900ms (Views: 894.8ms | ActiveRecord: 3.4ms | Allocations: 14827)


Started GET "/cats" for ::1 at 2021-09-14 16:49:19 +0200
Processing by CatsController#index as HTML
  Rendering layout layouts/application.html.erb
  Rendering cats/index.html.erb within layouts/application
  [1m[36mCat Load (1.3ms)[0m  [1m[34mSELECT "cats".* FROM "cats"[0m
  Rendered cats/index.html.erb within layouts/application (Duration: 4.8ms | Allocations: 573)
  [1m[36mUser Load (1.3ms)[0m  [1m[34mSELECT "users".* FROM "users" WHERE "users"."session_token" = $1 LIMIT $2[0m  [["session_token", "BXk4IPMeUoNYpo41xjUHrg"], ["LIMIT", 1]]
  Rendered layout layouts/application.html.erb (Duration: 380.8ms | Allocations: 4869)
Completed 200 OK in 385ms (Views: 380.8ms | ActiveRecord: 2.6ms | Allocations: 5343)


Started GET "/cats" for ::1 at 2021-09-14 16:49:23 +0200
Processing by CatsController#index as HTML
  Rendering layout layouts/application.html.erb
  Rendering cats/index.html.erb within layouts/application
  [1m[36mCat Load (2.3ms)[0m  [1m[34mSELECT "cats".* FROM "cats"[0m
  Rendered cats/index.html.erb within layouts/application (Duration: 8.8ms | Allocations: 580)
  [1m[36mUser Load (1.1ms)[0m  [1m[34mSELECT "users".* FROM "users" WHERE "users"."session_token" = $1 LIMIT $2[0m  [["session_token", "BXk4IPMeUoNYpo41xjUHrg"], ["LIMIT", 1]]
  Rendered layout layouts/application.html.erb (Duration: 330.5ms | Allocations: 4865)
Completed 200 OK in 334ms (Views: 329.1ms | ActiveRecord: 3.4ms | Allocations: 5347)


Started GET "/cats" for ::1 at 2021-09-14 16:50:43 +0200
Processing by CatsController#index as HTML
  Rendering layout layouts/application.html.erb
  Rendering cats/index.html.erb within layouts/application
  [1m[36mCat Load (1.2ms)[0m  [1m[34mSELECT "cats".* FROM "cats"[0m
  Rendered cats/index.html.erb within layouts/application (Duration: 4.6ms | Allocations: 573)
  [1m[36mUser Load (1.1ms)[0m  [1m[34mSELECT "users".* FROM "users" WHERE "users"."session_token" = $1 LIMIT $2[0m  [["session_token", "BXk4IPMeUoNYpo41xjUHrg"], ["LIMIT", 1]]
  Rendered layout layouts/application.html.erb (Duration: 305.8ms | Allocations: 4855)
Completed 200 OK in 310ms (Views: 306.5ms | ActiveRecord: 2.3ms | Allocations: 5329)


Started GET "/cats/1" for ::1 at 2021-09-14 16:50:49 +0200
Processing by CatsController#show as HTML
  Parameters: {"id"=>"1"}
  [1m[36mCat Load (1.7ms)[0m  [1m[34mSELECT "cats".* FROM "cats" WHERE "cats"."id" = $1 LIMIT $2[0m  [["id", 1], ["LIMIT", 1]]
  Rendering layout layouts/application.html.erb
  Rendering cats/show.html.erb within layouts/application
  [1m[36mUser Load (2.3ms)[0m  [1m[34mSELECT "users".* FROM "users" WHERE "users"."id" = $1 LIMIT $2[0m  [["id", 1], ["LIMIT", 1]]
  [1m[36mUser Load (1.4ms)[0m  [1m[34mSELECT "users".* FROM "users" WHERE "users"."session_token" = $1 LIMIT $2[0m  [["session_token", "BXk4IPMeUoNYpo41xjUHrg"], ["LIMIT", 1]]
  [1m[36mCatRentalRequest Exists? (2.4ms)[0m  [1m[34mSELECT 1 AS one FROM "cat_rental_requests" WHERE "cat_rental_requests"."cat_id" = $1 LIMIT $2[0m  [["cat_id", 1], ["LIMIT", 1]]
  Rendered cats/show.html.erb within layouts/application (Duration: 14.3ms | Allocations: 1358)
  Rendered layout layouts/application.html.erb (Duration: 302.2ms | Allocations: 5350)
Completed 200 OK in 311ms (Views: 297.9ms | ActiveRecord: 7.9ms | Allocations: 6197)


Started GET "/cats" for ::1 at 2021-09-14 16:50:59 +0200
Processing by CatsController#index as HTML
  Rendering layout layouts/application.html.erb
  Rendering cats/index.html.erb within layouts/application
  [1m[36mCat Load (1.9ms)[0m  [1m[34mSELECT "cats".* FROM "cats"[0m
  Rendered cats/index.html.erb within layouts/application (Duration: 6.3ms | Allocations: 573)
  [1m[36mUser Load (1.1ms)[0m  [1m[34mSELECT "users".* FROM "users" WHERE "users"."session_token" = $1 LIMIT $2[0m  [["session_token", "BXk4IPMeUoNYpo41xjUHrg"], ["LIMIT", 1]]
  Rendered layout layouts/application.html.erb (Duration: 249.6ms | Allocations: 4863)
Completed 200 OK in 253ms (Views: 248.5ms | ActiveRecord: 3.0ms | Allocations: 5337)


Started GET "/cats" for ::1 at 2021-09-14 16:54:06 +0200
Processing by CatsController#index as HTML
  Rendering layout layouts/application.html.erb
  Rendering cats/index.html.erb within layouts/application
  [1m[36mCat Load (2.7ms)[0m  [1m[34mSELECT "cats".* FROM "cats"[0m
  Rendered cats/index.html.erb within layouts/application (Duration: 7.1ms | Allocations: 573)
  [1m[36mUser Load (1.1ms)[0m  [1m[34mSELECT "users".* FROM "users" WHERE "users"."session_token" = $1 LIMIT $2[0m  [["session_token", "BXk4IPMeUoNYpo41xjUHrg"], ["LIMIT", 1]]
  Rendered layout layouts/application.html.erb (Duration: 335.3ms | Allocations: 4856)
Completed 200 OK in 339ms (Views: 333.6ms | ActiveRecord: 3.7ms | Allocations: 5331)


Started GET "/cats" for ::1 at 2021-09-14 16:54:20 +0200
Processing by CatsController#index as HTML
  Rendering layout layouts/application.html.erb
  Rendering cats/index.html.erb within layouts/application
  [1m[36mCat Load (2.0ms)[0m  [1m[34mSELECT "cats".* FROM "cats"[0m
  Rendered cats/index.html.erb within layouts/application (Duration: 7.6ms | Allocations: 573)
  [1m[36mUser Load (2.5ms)[0m  [1m[34mSELECT "users".* FROM "users" WHERE "users"."session_token" = $1 LIMIT $2[0m  [["session_token", "BXk4IPMeUoNYpo41xjUHrg"], ["LIMIT", 1]]
  Rendered layout layouts/application.html.erb (Duration: 1011.1ms | Allocations: 13898)
Completed 200 OK in 1015ms (Views: 1009.2ms | ActiveRecord: 4.6ms | Allocations: 14372)


Started GET "/cats" for ::1 at 2021-09-14 16:56:11 +0200
Processing by CatsController#index as HTML
  Rendering layout layouts/application.html.erb
  Rendering cats/index.html.erb within layouts/application
  [1m[36mCat Load (1.5ms)[0m  [1m[34mSELECT "cats".* FROM "cats"[0m
  Rendered cats/index.html.erb within layouts/application (Duration: 5.8ms | Allocations: 573)
  [1m[36mUser Load (1.5ms)[0m  [1m[34mSELECT "users".* FROM "users" WHERE "users"."session_token" = $1 LIMIT $2[0m  [["session_token", "BXk4IPMeUoNYpo41xjUHrg"], ["LIMIT", 1]]
  Rendered layout layouts/application.html.erb (Duration: 317.0ms | Allocations: 4857)
Completed 200 OK in 321ms (Views: 316.9ms | ActiveRecord: 3.0ms | Allocations: 5331)


Started DELETE "/session" for ::1 at 2021-09-14 16:56:14 +0200
Processing by SessionsController#destroy as HTML
  Parameters: {"authenticity_token"=>"H34BDm/4nh/0n0SNp5O9LT9JbQmjPHDuA/G3UnNFbl2g/9FI0iw4aVOrYx09NDLRO2haak/Vdo5c61vO+7Wbhg=="}
  [1m[36mUser Load (1.5ms)[0m  [1m[34mSELECT "users".* FROM "users" WHERE "users"."session_token" = $1 LIMIT $2[0m  [["session_token", "BXk4IPMeUoNYpo41xjUHrg"], ["LIMIT", 1]]
  [1m[36mTRANSACTION (2.1ms)[0m  [1m[35mBEGIN[0m
  [1m[36mUser Exists? (2.5ms)[0m  [1m[34mSELECT 1 AS one FROM "users" WHERE "users"."username" = $1 AND "users"."id" != $2 LIMIT $3[0m  [["username", "elaraby"], ["id", 1], ["LIMIT", 1]]
  [1m[36mUser Exists? (4.1ms)[0m  [1m[34mSELECT 1 AS one FROM "users" WHERE "users"."session_token" = $1 AND "users"."id" != $2 LIMIT $3[0m  [["session_token", "zjMgMwJwQ2U3A_l2Dzse0Q"], ["id", 1], ["LIMIT", 1]]
  [1m[36mUser Update (2.5ms)[0m  [1m[33mUPDATE "users" SET "session_token" = $1, "updated_at" = $2 WHERE "users"."id" = $3[0m  [["session_token", "zjMgMwJwQ2U3A_l2Dzse0Q"], ["updated_at", "2021-09-14 14:56:14.755207"], ["id", 1]]
  [1m[36mTRANSACTION (62.7ms)[0m  [1m[35mCOMMIT[0m
Redirected to http://localhost:3000/session/new
Completed 302 Found in 108ms (ActiveRecord: 75.4ms | Allocations: 2532)


Started GET "/session/new" for ::1 at 2021-09-14 16:56:14 +0200
Processing by SessionsController#new as HTML
  Rendering layout layouts/application.html.erb
  Rendering sessions/new.html.erb within layouts/application
  Rendered shared/_errors.html.erb (Duration: 0.2ms | Allocations: 58)
  Rendered sessions/new.html.erb within layouts/application (Duration: 5.7ms | Allocations: 374)
  Rendered layout layouts/application.html.erb (Duration: 256.3ms | Allocations: 4410)
Completed 200 OK in 273ms (Views: 271.8ms | ActiveRecord: 0.0ms | Allocations: 5424)


Started POST "/session" for ::1 at 2021-09-14 16:56:17 +0200
Processing by SessionsController#create as HTML
  Parameters: {"authenticity_token"=>"gEp06iOwkGt2ZeLoiFhtLdMgbRaM+l7Mf7fR3ooDxos/y6SsnmQ2HdFRxXgS/+LR1wFadWATWKwgrT1CAvMzUA==", "user"=>{"username"=>"elaraby", "password"=>"[FILTERED]"}}
  [1m[36mUser Load (1.9ms)[0m  [1m[34mSELECT "users".* FROM "users" WHERE "users"."username" = $1 LIMIT $2[0m  [["username", "elaraby"], ["LIMIT", 1]]
  [1m[36mTRANSACTION (1.1ms)[0m  [1m[35mBEGIN[0m
  [1m[36mUser Exists? (1.8ms)[0m  [1m[34mSELECT 1 AS one FROM "users" WHERE "users"."username" = $1 AND "users"."id" != $2 LIMIT $3[0m  [["username", "elaraby"], ["id", 1], ["LIMIT", 1]]
  [1m[36mUser Exists? (1.8ms)[0m  [1m[34mSELECT 1 AS one FROM "users" WHERE "users"."session_token" = $1 AND "users"."id" != $2 LIMIT $3[0m  [["session_token", "bjfCe5poftHQj5KVrIHjbQ"], ["id", 1], ["LIMIT", 1]]
  [1m[36mUser Update (1.5ms)[0m  [1m[33mUPDATE "users" SET "session_token" = $1, "updated_at" = $2 WHERE "users"."id" = $3[0m  [["session_token", "bjfCe5poftHQj5KVrIHjbQ"], ["updated_at", "2021-09-14 14:56:18.133729"], ["id", 1]]
  [1m[36mTRANSACTION (24.5ms)[0m  [1m[35mCOMMIT[0m
Redirected to http://localhost:3000/cats
Completed 302 Found in 361ms (ActiveRecord: 32.7ms | Allocations: 2566)


Started GET "/cats" for ::1 at 2021-09-14 16:56:18 +0200
Processing by CatsController#index as HTML
  Rendering layout layouts/application.html.erb
  Rendering cats/index.html.erb within layouts/application
  [1m[36mCat Load (2.1ms)[0m  [1m[34mSELECT "cats".* FROM "cats"[0m
  Rendered cats/index.html.erb within layouts/application (Duration: 5.8ms | Allocations: 573)
  [1m[36mUser Load (1.2ms)[0m  [1m[34mSELECT "users".* FROM "users" WHERE "users"."session_token" = $1 LIMIT $2[0m  [["session_token", "bjfCe5poftHQj5KVrIHjbQ"], ["LIMIT", 1]]
  Rendered layout layouts/application.html.erb (Duration: 249.3ms | Allocations: 4899)
Completed 200 OK in 254ms (Views: 249.4ms | ActiveRecord: 3.3ms | Allocations: 5375)


Started GET "/cats" for ::1 at 2021-09-14 16:56:23 +0200
Processing by CatsController#index as HTML
  Rendering layout layouts/application.html.erb
  Rendering cats/index.html.erb within layouts/application
  [1m[36mCat Load (1.2ms)[0m  [1m[34mSELECT "cats".* FROM "cats"[0m
  Rendered cats/index.html.erb within layouts/application (Duration: 4.3ms | Allocations: 573)
  [1m[36mUser Load (1.5ms)[0m  [1m[34mSELECT "users".* FROM "users" WHERE "users"."session_token" = $1 LIMIT $2[0m  [["session_token", "bjfCe5poftHQj5KVrIHjbQ"], ["LIMIT", 1]]
  Rendered layout layouts/application.html.erb (Duration: 220.0ms | Allocations: 4868)
Completed 200 OK in 224ms (Views: 220.2ms | ActiveRecord: 2.7ms | Allocations: 5342)


Started GET "/cats" for ::1 at 2021-09-14 16:56:47 +0200
  [1m[35m (1.5ms)[0m  [1m[34mSELECT "schema_migrations"."version" FROM "schema_migrations" ORDER BY "schema_migrations"."version" ASC[0m
Processing by CatsController#index as HTML
  Rendering layout layouts/application.html.erb
  Rendering cats/index.html.erb within layouts/application
  [1m[36mCat Load (1.6ms)[0m  [1m[34mSELECT "cats".* FROM "cats"[0m
  Rendered cats/index.html.erb within layouts/application (Duration: 41.8ms | Allocations: 6094)
  [1m[36mUser Load (2.3ms)[0m  [1m[34mSELECT "users".* FROM "users" WHERE "users"."session_token" = $1 LIMIT $2[0m  [["session_token", "bjfCe5poftHQj5KVrIHjbQ"], ["LIMIT", 1]]
  Rendered layout layouts/application.html.erb (Duration: 2166.1ms | Allocations: 30528)
Completed 200 OK in 2424ms (Views: 2238.1ms | ActiveRecord: 22.8ms | Allocations: 36965)


Started GET "/" for ::1 at 2021-10-05 17:54:43 +0200
Started GET "/" for ::1 at 2021-10-05 17:54:43 +0200
  [1m[35m (76.7ms)[0m  [1m[34mSELECT "schema_migrations"."version" FROM "schema_migrations" ORDER BY "schema_migrations"."version" ASC[0m
Started GET "/cats" for ::1 at 2021-10-05 17:54:45 +0200
Processing by CatsController#index as HTML
  Rendering layout layouts/application.html.erb
  Rendering cats/index.html.erb within layouts/application
  [1m[36mCat Load (96.2ms)[0m  [1m[34mSELECT "cats".* FROM "cats"[0m
  Rendered cats/index.html.erb within layouts/application (Duration: 217.4ms | Allocations: 6230)
  Rendered layout layouts/application.html.erb (Duration: 3400.6ms | Allocations: 18163)
Completed 200 OK in 3928ms (Views: 3426.4ms | ActiveRecord: 164.5ms | Allocations: 24467)


Started GET "/cats/1" for ::1 at 2021-10-05 17:55:16 +0200
Processing by CatsController#show as HTML
  Parameters: {"id"=>"1"}
  [1m[36mCat Load (1.4ms)[0m  [1m[34mSELECT "cats".* FROM "cats" WHERE "cats"."id" = $1 LIMIT $2[0m  [["id", 1], ["LIMIT", 1]]
  Rendering layout layouts/application.html.erb
  Rendering cats/show.html.erb within layouts/application
  [1m[36mUser Load (21.1ms)[0m  [1m[34mSELECT "users".* FROM "users" WHERE "users"."id" = $1 LIMIT $2[0m  [["id", 1], ["LIMIT", 1]]
  [1m[36mCatRentalRequest Exists? (108.5ms)[0m  [1m[34mSELECT 1 AS one FROM "cat_rental_requests" WHERE "cat_rental_requests"."cat_id" = $1 LIMIT $2[0m  [["cat_id", 1], ["LIMIT", 1]]
  Rendered cats/show.html.erb within layouts/application (Duration: 805.2ms | Allocations: 15504)
  Rendered layout layouts/application.html.erb (Duration: 1107.0ms | Allocations: 19566)
Completed 200 OK in 1187ms (Views: 982.3ms | ActiveRecord: 141.9ms | Allocations: 21476)


Started GET "/cats" for ::1 at 2021-10-05 17:55:33 +0200
Processing by CatsController#index as HTML
  Rendering layout layouts/application.html.erb
  Rendering cats/index.html.erb within layouts/application
  [1m[36mCat Load (2.7ms)[0m  [1m[34mSELECT "cats".* FROM "cats"[0m
  Rendered cats/index.html.erb within layouts/application (Duration: 10.3ms | Allocations: 578)
  Rendered layout layouts/application.html.erb (Duration: 431.3ms | Allocations: 4560)
Completed 200 OK in 442ms (Views: 436.9ms | ActiveRecord: 2.7ms | Allocations: 5037)


Started GET "/cats/new" for ::1 at 2021-10-05 17:55:44 +0200
Processing by CatsController#new as HTML
Redirected to http://localhost:3000/session/new
Filter chain halted as :require_user! rendered or redirected
Completed 302 Found in 6ms (ActiveRecord: 0.0ms | Allocations: 351)


Started GET "/session/new" for ::1 at 2021-10-05 17:55:44 +0200
Processing by SessionsController#new as HTML
  Rendering layout layouts/application.html.erb
  Rendering sessions/new.html.erb within layouts/application
  Rendered shared/_errors.html.erb (Duration: 15.3ms | Allocations: 214)
  Rendered sessions/new.html.erb within layouts/application (Duration: 56.5ms | Allocations: 677)
  Rendered layout layouts/application.html.erb (Duration: 484.8ms | Allocations: 4713)
Completed 200 OK in 518ms (Views: 516.0ms | ActiveRecord: 0.0ms | Allocations: 5798)


Started POST "/session" for ::1 at 2021-10-05 17:55:48 +0200
Processing by SessionsController#create as HTML
  Parameters: {"authenticity_token"=>"M9yt6K1k/oOiicCr4ZcT6iIyBOXWuLCFlfsK9iWo7WapKQF5tKwLtIAdaoRmBin0QzMA8yO0c/Gt3rWmRFAQOg==", "user"=>{"username"=>"elaraby", "password"=>"[FILTERED]"}}
  [1m[36mUser Load (2.2ms)[0m  [1m[34mSELECT "users".* FROM "users" WHERE "users"."username" = $1 LIMIT $2[0m  [["username", "elaraby"], ["LIMIT", 1]]
  [1m[36mTRANSACTION (1.2ms)[0m  [1m[35mBEGIN[0m
  [1m[36mUser Exists? (2.6ms)[0m  [1m[34mSELECT 1 AS one FROM "users" WHERE "users"."username" = $1 AND "users"."id" != $2 LIMIT $3[0m  [["username", "elaraby"], ["id", 1], ["LIMIT", 1]]
  [1m[36mUser Exists? (3.0ms)[0m  [1m[34mSELECT 1 AS one FROM "users" WHERE "users"."session_token" = $1 AND "users"."id" != $2 LIMIT $3[0m  [["session_token", "gIHbxDXwpbh_kvr89IJ2HQ"], ["id", 1], ["LIMIT", 1]]
  [1m[36mUser Update (2.0ms)[0m  [1m[33mUPDATE "users" SET "session_token" = $1, "updated_at" = $2 WHERE "users"."id" = $3[0m  [["session_token", "gIHbxDXwpbh_kvr89IJ2HQ"], ["updated_at", "2021-10-05 15:55:48.742907"], ["id", 1]]
  [1m[36mTRANSACTION (58.9ms)[0m  [1m[35mCOMMIT[0m
Redirected to http://localhost:3000/cats
Completed 302 Found in 587ms (ActiveRecord: 70.0ms | Allocations: 3411)


Started GET "/cats" for ::1 at 2021-10-05 17:55:48 +0200
Processing by CatsController#index as HTML
  Rendering layout layouts/application.html.erb
  Rendering cats/index.html.erb within layouts/application
  [1m[36mCat Load (1.2ms)[0m  [1m[34mSELECT "cats".* FROM "cats"[0m
  Rendered cats/index.html.erb within layouts/application (Duration: 7.9ms | Allocations: 571)
  [1m[36mUser Load (1.2ms)[0m  [1m[34mSELECT "users".* FROM "users" WHERE "users"."session_token" = $1 LIMIT $2[0m  [["session_token", "gIHbxDXwpbh_kvr89IJ2HQ"], ["LIMIT", 1]]
  Rendered layout layouts/application.html.erb (Duration: 364.5ms | Allocations: 4957)
Completed 200 OK in 368ms (Views: 364.5ms | ActiveRecord: 2.4ms | Allocations: 5432)


Started GET "/cats/new" for ::1 at 2021-10-05 17:55:56 +0200
Processing by CatsController#new as HTML
  [1m[36mUser Load (1.6ms)[0m  [1m[34mSELECT "users".* FROM "users" WHERE "users"."session_token" = $1 LIMIT $2[0m  [["session_token", "gIHbxDXwpbh_kvr89IJ2HQ"], ["LIMIT", 1]]
  Rendering layout layouts/application.html.erb
  Rendering cats/new.html.erb within layouts/application
  Rendered shared/_errors.html.erb (Duration: 0.2ms | Allocations: 55)
  Rendered cats/_form.html.erb (Duration: 5.9ms | Allocations: 544)
  Rendered cats/new.html.erb within layouts/application (Duration: 23.9ms | Allocations: 993)
  Rendered layout layouts/application.html.erb (Duration: 358.5ms | Allocations: 4964)
Completed 200 OK in 386ms (Views: 379.9ms | ActiveRecord: 1.6ms | Allocations: 5994)


Started POST "/cats" for ::1 at 2021-10-05 17:57:16 +0200
Processing by CatsController#create as HTML
  Parameters: {"authenticity_token"=>"praHzkKIMMEP0Q5EWWVjvFWr+RMWOiqsMSAWRIww3GE8QytfW0DF9i1FpGve9FmiNKr9BeM26dgJBakU7cghPQ==", "cat"=>{"name"=>"dsfdsf", "birth_date"=>"2223-11-22", "color"=>"white", "sex"=>"M", "description"=>"ewqdsad"}}
  [1m[36mUser Load (1.3ms)[0m  [1m[34mSELECT "users".* FROM "users" WHERE "users"."session_token" = $1 LIMIT $2[0m  [["session_token", "gIHbxDXwpbh_kvr89IJ2HQ"], ["LIMIT", 1]]
  [1m[36mTRANSACTION (1.4ms)[0m  [1m[35mBEGIN[0m
  [1m[36mUser Load (3.1ms)[0m  [1m[34mSELECT "users".* FROM "users" WHERE "users"."id" = $1 LIMIT $2[0m  [["id", 1], ["LIMIT", 1]]
DEPRECATION WARNING: Calling `<<` to an ActiveModel::Errors message array in order to add an error is deprecated. Please call `ActiveModel::Errors#add` instead. (called from birth_date_in_the_past at /mnt/f/github/Cat_Renal_API/app/models/cat.rb:32)
  [1m[36mTRANSACTION (1.7ms)[0m  [1m[31mROLLBACK[0m
  Rendering layout layouts/application.html.erb
  Rendering cats/new.html.erb within layouts/application
  Rendered shared/_errors.html.erb (Duration: 0.3ms | Allocations: 51)
  Rendered cats/_form.html.erb (Duration: 0.9ms | Allocations: 148)
  Rendered cats/new.html.erb within layouts/application (Duration: 18.1ms | Allocations: 354)
  Rendered layout layouts/application.html.erb (Duration: 449.1ms | Allocations: 4458)
Completed 200 OK in 909ms (Views: 461.8ms | ActiveRecord: 31.4ms | Allocations: 20100)


Started POST "/cats" for ::1 at 2021-10-05 17:57:38 +0200
Processing by CatsController#create as HTML
  Parameters: {"authenticity_token"=>"aI8CSVTNkUENtKEcZZnjXk8P5K6Ox3OYXe9Wswcyzqvyeq7YTQVkdi8gCzPiCNlALg7guHvLsOxlyunjZsoz9w==", "cat"=>{"name"=>"dsfdsf", "birth_date"=>"2012-11-22", "color"=>"white", "sex"=>"M", "description"=>"ewqdsad"}}
  [1m[36mUser Load (2.1ms)[0m  [1m[34mSELECT "users".* FROM "users" WHERE "users"."session_token" = $1 LIMIT $2[0m  [["session_token", "gIHbxDXwpbh_kvr89IJ2HQ"], ["LIMIT", 1]]
  [1m[36mTRANSACTION (1.3ms)[0m  [1m[35mBEGIN[0m
  [1m[36mUser Load (2.4ms)[0m  [1m[34mSELECT "users".* FROM "users" WHERE "users"."id" = $1 LIMIT $2[0m  [["id", 1], ["LIMIT", 1]]
  [1m[36mCat Create (37.0ms)[0m  [1m[32mINSERT INTO "cats" ("birth_date", "color", "sex", "name", "description", "created_at", "updated_at", "user_id") VALUES ($1, $2, $3, $4, $5, $6, $7, $8) RETURNING "id"[0m  [["birth_date", "2012-11-22"], ["color", "white"], ["sex", "M"], ["name", "dsfdsf"], ["description", "ewqdsad"], ["created_at", "2021-10-05 15:57:38.993747"], ["updated_at", "2021-10-05 15:57:38.993747"], ["user_id", 1]]
  [1m[36mTRANSACTION (43.7ms)[0m  [1m[35mCOMMIT[0m
Redirected to http://localhost:3000/cats/2
Completed 302 Found in 124ms (ActiveRecord: 86.5ms | Allocations: 2616)


Started GET "/cats/2" for ::1 at 2021-10-05 17:57:39 +0200
Processing by CatsController#show as HTML
  Parameters: {"id"=>"2"}
  [1m[36mCat Load (1.2ms)[0m  [1m[34mSELECT "cats".* FROM "cats" WHERE "cats"."id" = $1 LIMIT $2[0m  [["id", 2], ["LIMIT", 1]]
  Rendering layout layouts/application.html.erb
  Rendering cats/show.html.erb within layouts/application
  [1m[36mUser Load (1.5ms)[0m  [1m[34mSELECT "users".* FROM "users" WHERE "users"."id" = $1 LIMIT $2[0m  [["id", 1], ["LIMIT", 1]]
  [1m[36mUser Load (2.3ms)[0m  [1m[34mSELECT "users".* FROM "users" WHERE "users"."session_token" = $1 LIMIT $2[0m  [["session_token", "gIHbxDXwpbh_kvr89IJ2HQ"], ["LIMIT", 1]]
  [1m[36mCatRentalRequest Exists? (1.2ms)[0m  [1m[34mSELECT 1 AS one FROM "cat_rental_requests" WHERE "cat_rental_requests"."cat_id" = $1 LIMIT $2[0m  [["cat_id", 2], ["LIMIT", 1]]
  Rendered cats/show.html.erb within layouts/application (Duration: 127.5ms | Allocations: 4324)
  Rendered layout layouts/application.html.erb (Duration: 435.5ms | Allocations: 8323)
Completed 200 OK in 447ms (Views: 429.5ms | ActiveRecord: 10.2ms | Allocations: 9316)


Started GET "/cats" for ::1 at 2021-10-05 18:04:54 +0200
Processing by CatsController#index as HTML
  Rendering layout layouts/application.html.erb
  Rendering cats/index.html.erb within layouts/application
  [1m[36mCat Load (1.7ms)[0m  [1m[34mSELECT "cats".* FROM "cats"[0m
  Rendered cats/index.html.erb within layouts/application (Duration: 64.5ms | Allocations: 7746)
  [1m[36mUser Load (2.5ms)[0m  [1m[34mSELECT "users".* FROM "users" WHERE "users"."session_token" = $1 LIMIT $2[0m  [["session_token", "gIHbxDXwpbh_kvr89IJ2HQ"], ["LIMIT", 1]]
  Rendered layout layouts/application.html.erb (Duration: 528.5ms | Allocations: 16152)
Completed 200 OK in 650ms (Views: 531.3ms | ActiveRecord: 28.6ms | Allocations: 18451)


Started GET "/cats/new" for ::1 at 2021-10-05 18:04:57 +0200
Processing by CatsController#new as HTML
  [1m[36mUser Load (2.0ms)[0m  [1m[34mSELECT "users".* FROM "users" WHERE "users"."session_token" = $1 LIMIT $2[0m  [["session_token", "gIHbxDXwpbh_kvr89IJ2HQ"], ["LIMIT", 1]]
  Rendering layout layouts/application.html.erb
  Rendering cats/new.html.erb within layouts/application
  Rendered shared/_errors.html.erb (Duration: 0.4ms | Allocations: 55)
  Rendered cats/_form.html.erb (Duration: 1.1ms | Allocations: 144)
  Rendered cats/new.html.erb within layouts/application (Duration: 6.9ms | Allocations: 369)
  Rendered layout layouts/application.html.erb (Duration: 373.3ms | Allocations: 4684)
Completed 200 OK in 397ms (Views: 380.1ms | ActiveRecord: 2.0ms | Allocations: 5592)


Started GET "/cats" for ::1 at 2021-10-05 18:10:53 +0200
Processing by CatsController#index as HTML
  Rendering layout layouts/application.html.erb
  Rendering cats/index.html.erb within layouts/application
  [1m[36mCat Load (2.9ms)[0m  [1m[34mSELECT "cats".* FROM "cats"[0m
  Rendered cats/index.html.erb within layouts/application (Duration: 71.7ms | Allocations: 3947)
  [1m[36mUser Load (1.3ms)[0m  [1m[34mSELECT "users".* FROM "users" WHERE "users"."session_token" = $1 LIMIT $2[0m  [["session_token", "gIHbxDXwpbh_kvr89IJ2HQ"], ["LIMIT", 1]]
  Rendered layout layouts/application.html.erb (Duration: 537.6ms | Allocations: 8473)
Completed 200 OK in 543ms (Views: 540.8ms | ActiveRecord: 40.2ms | Allocations: 8946)


Started GET "/cats" for ::1 at 2021-10-05 18:10:54 +0200
Processing by CatsController#index as HTML
  Rendering layout layouts/application.html.erb
  Rendering cats/index.html.erb within layouts/application
  [1m[36mCat Load (2.4ms)[0m  [1m[34mSELECT "cats".* FROM "cats"[0m
  Rendered cats/index.html.erb within layouts/application (Duration: 11.6ms | Allocations: 613)
  [1m[36mUser Load (2.4ms)[0m  [1m[34mSELECT "users".* FROM "users" WHERE "users"."session_token" = $1 LIMIT $2[0m  [["session_token", "gIHbxDXwpbh_kvr89IJ2HQ"], ["LIMIT", 1]]
  Rendered layout layouts/application.html.erb (Duration: 610.2ms | Allocations: 4912)
Completed 200 OK in 621ms (Views: 613.9ms | ActiveRecord: 4.9ms | Allocations: 5386)


Started DELETE "/session" for ::1 at 2021-10-05 18:11:04 +0200
Processing by SessionsController#destroy as HTML
  Parameters: {"authenticity_token"=>"PRCYdtYCHbpEjoK2Impb09wFj0bEMuTxjZyKNoPWCgin5TTnz8rojWYaKJml+2HNvQSLUDE+J4W1uTVm4i73VA=="}
  [1m[36mUser Load (2.2ms)[0m  [1m[34mSELECT "users".* FROM "users" WHERE "users"."session_token" = $1 LIMIT $2[0m  [["session_token", "gIHbxDXwpbh_kvr89IJ2HQ"], ["LIMIT", 1]]
  [1m[36mTRANSACTION (3.3ms)[0m  [1m[35mBEGIN[0m
  [1m[36mUser Exists? (2.9ms)[0m  [1m[34mSELECT 1 AS one FROM "users" WHERE "users"."username" = $1 AND "users"."id" != $2 LIMIT $3[0m  [["username", "elaraby"], ["id", 1], ["LIMIT", 1]]
  [1m[36mUser Exists? (2.3ms)[0m  [1m[34mSELECT 1 AS one FROM "users" WHERE "users"."session_token" = $1 AND "users"."id" != $2 LIMIT $3[0m  [["session_token", "vEF_EsafiEidOTbmPe6Gvw"], ["id", 1], ["LIMIT", 1]]
  [1m[36mUser Update (2.8ms)[0m  [1m[33mUPDATE "users" SET "session_token" = $1, "updated_at" = $2 WHERE "users"."id" = $3[0m  [["session_token", "vEF_EsafiEidOTbmPe6Gvw"], ["updated_at", "2021-10-05 16:11:04.413078"], ["id", 1]]
  [1m[36mTRANSACTION (77.7ms)[0m  [1m[35mCOMMIT[0m
Redirected to http://localhost:3000/session/new
Completed 302 Found in 212ms (ActiveRecord: 91.2ms | Allocations: 2763)


Started GET "/session/new" for ::1 at 2021-10-05 18:11:04 +0200
Processing by SessionsController#new as HTML
  Rendering layout layouts/application.html.erb
  Rendering sessions/new.html.erb within layouts/application
  Rendered shared/_errors.html.erb (Duration: 0.3ms | Allocations: 56)
  Rendered sessions/new.html.erb within layouts/application (Duration: 3.4ms | Allocations: 230)
  Rendered layout layouts/application.html.erb (Duration: 444.8ms | Allocations: 4265)
Completed 200 OK in 452ms (Views: 450.0ms | ActiveRecord: 0.0ms | Allocations: 4893)


Started GET "/" for ::1 at 2021-10-05 21:57:19 +0200
Started GET "/" for ::1 at 2021-10-05 21:57:20 +0200
  [1m[35m (1.7ms)[0m  [1m[34mSELECT "schema_migrations"."version" FROM "schema_migrations" ORDER BY "schema_migrations"."version" ASC[0m
Started GET "/cats" for ::1 at 2021-10-05 21:57:20 +0200
Processing by CatsController#index as HTML
  Rendering layout layouts/application.html.erb
  Rendering cats/index.html.erb within layouts/application
  [1m[36mCat Load (2.2ms)[0m  [1m[34mSELECT "cats".* FROM "cats"[0m
  Rendered cats/index.html.erb within layouts/application (Duration: 50.6ms | Allocations: 6279)
  Rendered layout layouts/application.html.erb (Duration: 1096.5ms | Allocations: 17077)
Completed 200 OK in 1379ms (Views: 1185.9ms | ActiveRecord: 14.9ms | Allocations: 23516)


Started GET "/cats/new" for ::1 at 2021-10-05 21:57:40 +0200
Processing by CatsController#new as HTML
Redirected to http://localhost:3000/session/new
Filter chain halted as :require_user! rendered or redirected
Completed 302 Found in 3ms (ActiveRecord: 0.0ms | Allocations: 353)


Started GET "/session/new" for ::1 at 2021-10-05 21:57:41 +0200
Processing by SessionsController#new as HTML
  Rendering layout layouts/application.html.erb
  Rendering sessions/new.html.erb within layouts/application
  Rendered shared/_errors.html.erb (Duration: 3.9ms | Allocations: 214)
  Rendered sessions/new.html.erb within layouts/application (Duration: 19.0ms | Allocations: 680)
  Rendered layout layouts/application.html.erb (Duration: 246.5ms | Allocations: 4781)
Completed 200 OK in 263ms (Views: 261.5ms | ActiveRecord: 0.0ms | Allocations: 5870)


Started POST "/session" for ::1 at 2021-10-05 21:57:43 +0200
Processing by SessionsController#create as HTML
  Parameters: {"authenticity_token"=>"6DLhCgmD81QqtUBwOz1hu6X27ByLcY/kDpDdrCEIXZlyx02bEEsGYwgh6l+8rFulxPfoCn59TJA2tWL8QPCgxQ==", "user"=>{"username"=>"elaraby", "password"=>"[FILTERED]"}}
  [1m[36mUser Load (2.6ms)[0m  [1m[34mSELECT "users".* FROM "users" WHERE "users"."username" = $1 LIMIT $2[0m  [["username", "elaraby"], ["LIMIT", 1]]
  [1m[36mTRANSACTION (1.3ms)[0m  [1m[35mBEGIN[0m
  [1m[36mUser Exists? (2.2ms)[0m  [1m[34mSELECT 1 AS one FROM "users" WHERE "users"."username" = $1 AND "users"."id" != $2 LIMIT $3[0m  [["username", "elaraby"], ["id", 1], ["LIMIT", 1]]
  [1m[36mUser Exists? (1.5ms)[0m  [1m[34mSELECT 1 AS one FROM "users" WHERE "users"."session_token" = $1 AND "users"."id" != $2 LIMIT $3[0m  [["session_token", "l-bwrF4NsxkHTdsLlMdANw"], ["id", 1], ["LIMIT", 1]]
  [1m[36mUser Update (3.1ms)[0m  [1m[33mUPDATE "users" SET "session_token" = $1, "updated_at" = $2 WHERE "users"."id" = $3[0m  [["session_token", "l-bwrF4NsxkHTdsLlMdANw"], ["updated_at", "2021-10-05 19:57:43.926524"], ["id", 1]]
  [1m[36mTRANSACTION (27.7ms)[0m  [1m[35mCOMMIT[0m
Redirected to http://localhost:3000/cats
Completed 302 Found in 470ms (ActiveRecord: 46.8ms | Allocations: 8651)


Started GET "/cats" for ::1 at 2021-10-05 21:57:44 +0200
Processing by CatsController#index as HTML
  Rendering layout layouts/application.html.erb
  Rendering cats/index.html.erb within layouts/application
  [1m[36mCat Load (2.7ms)[0m  [1m[34mSELECT "cats".* FROM "cats"[0m
  Rendered cats/index.html.erb within layouts/application (Duration: 11.8ms | Allocations: 614)
  [1m[36mUser Load (1.2ms)[0m  [1m[34mSELECT "users".* FROM "users" WHERE "users"."session_token" = $1 LIMIT $2[0m  [["session_token", "l-bwrF4NsxkHTdsLlMdANw"], ["LIMIT", 1]]
  Rendered layout layouts/application.html.erb (Duration: 320.0ms | Allocations: 5000)
Completed 200 OK in 324ms (Views: 318.8ms | ActiveRecord: 3.9ms | Allocations: 5476)


Started GET "/cats/new" for ::1 at 2021-10-05 21:57:47 +0200
Processing by CatsController#new as HTML
  [1m[36mUser Load (2.2ms)[0m  [1m[34mSELECT "users".* FROM "users" WHERE "users"."session_token" = $1 LIMIT $2[0m  [["session_token", "l-bwrF4NsxkHTdsLlMdANw"], ["LIMIT", 1]]
  Rendering layout layouts/application.html.erb
  Rendering cats/new.html.erb within layouts/application
  Rendered shared/_errors.html.erb (Duration: 0.2ms | Allocations: 55)
  Rendered cats/_form.html.erb (Duration: 5.0ms | Allocations: 551)
  Rendered cats/new.html.erb within layouts/application (Duration: 25.7ms | Allocations: 1000)
  Rendered layout layouts/application.html.erb (Duration: 277.9ms | Allocations: 4971)
Completed 200 OK in 311ms (Views: 299.4ms | ActiveRecord: 2.2ms | Allocations: 6002)


Started POST "/cats" for ::1 at 2021-10-05 21:58:13 +0200
Processing by CatsController#create as HTML
  Parameters: {"authenticity_token"=>"xSgCBvrplaXlbmfA/iwCqCvJDeakVIONG4yvzH74wGFf3a6X4yFgksf6ze95vTi2SsgJ8FFYQPkjqRCcHwA9PQ==", "cat"=>{"name"=>"weez", "birth_date"=>"2010-02-01", "color"=>"orange", "sex"=>"F", "description"=>"beeeeeeb"}}
  [1m[36mUser Load (1.5ms)[0m  [1m[34mSELECT "users".* FROM "users" WHERE "users"."session_token" = $1 LIMIT $2[0m  [["session_token", "l-bwrF4NsxkHTdsLlMdANw"], ["LIMIT", 1]]
  [1m[36mTRANSACTION (1.2ms)[0m  [1m[35mBEGIN[0m
  [1m[36mUser Load (1.8ms)[0m  [1m[34mSELECT "users".* FROM "users" WHERE "users"."id" = $1 LIMIT $2[0m  [["id", 1], ["LIMIT", 1]]
  [1m[36mCat Create (2.3ms)[0m  [1m[32mINSERT INTO "cats" ("birth_date", "color", "sex", "name", "description", "created_at", "updated_at", "user_id") VALUES ($1, $2, $3, $4, $5, $6, $7, $8) RETURNING "id"[0m  [["birth_date", "2010-02-01"], ["color", "orange"], ["sex", "F"], ["name", "weez"], ["description", "beeeeeeb"], ["created_at", "2021-10-05 19:58:14.166314"], ["updated_at", "2021-10-05 19:58:14.166314"], ["user_id", 1]]
  [1m[36mTRANSACTION (24.8ms)[0m  [1m[35mCOMMIT[0m
Redirected to http://localhost:3000/cats/3
Completed 302 Found in 232ms (ActiveRecord: 31.6ms | Allocations: 7894)


Started GET "/cats/3" for ::1 at 2021-10-05 21:58:14 +0200
Processing by CatsController#show as HTML
  Parameters: {"id"=>"3"}
  [1m[36mCat Load (1.0ms)[0m  [1m[34mSELECT "cats".* FROM "cats" WHERE "cats"."id" = $1 LIMIT $2[0m  [["id", 3], ["LIMIT", 1]]
  Rendering layout layouts/application.html.erb
  Rendering cats/show.html.erb within layouts/application
  [1m[36mUser Load (1.3ms)[0m  [1m[34mSELECT "users".* FROM "users" WHERE "users"."id" = $1 LIMIT $2[0m  [["id", 1], ["LIMIT", 1]]
  [1m[36mUser Load (1.6ms)[0m  [1m[34mSELECT "users".* FROM "users" WHERE "users"."session_token" = $1 LIMIT $2[0m  [["session_token", "l-bwrF4NsxkHTdsLlMdANw"], ["LIMIT", 1]]
  [1m[36mCatRentalRequest Exists? (1.9ms)[0m  [1m[34mSELECT 1 AS one FROM "cat_rental_requests" WHERE "cat_rental_requests"."cat_id" = $1 LIMIT $2[0m  [["cat_id", 3], ["LIMIT", 1]]
  Rendered cats/show.html.erb within layouts/application (Duration: 110.4ms | Allocations: 7166)
  Rendered layout layouts/application.html.erb (Duration: 333.6ms | Allocations: 11147)
Completed 200 OK in 351ms (Views: 337.1ms | ActiveRecord: 8.4ms | Allocations: 12251)


Started GET "/cats" for ::1 at 2021-10-05 21:58:19 +0200
Processing by CatsController#index as HTML
  Rendering layout layouts/application.html.erb
  Rendering cats/index.html.erb within layouts/application
  [1m[36mCat Load (1.1ms)[0m  [1m[34mSELECT "cats".* FROM "cats"[0m
  Rendered cats/index.html.erb within layouts/application (Duration: 4.8ms | Allocations: 655)
  [1m[36mUser Load (2.2ms)[0m  [1m[34mSELECT "users".* FROM "users" WHERE "users"."session_token" = $1 LIMIT $2[0m  [["session_token", "l-bwrF4NsxkHTdsLlMdANw"], ["LIMIT", 1]]
  Rendered layout layouts/application.html.erb (Duration: 304.0ms | Allocations: 4959)
Completed 200 OK in 308ms (Views: 303.0ms | ActiveRecord: 3.4ms | Allocations: 5434)


